<?xml version="1.0" encoding="utf-8"?><testsuites name="pytest tests"><testsuite name="pytest" errors="0" failures="1" skipped="0" tests="7" time="3.525" timestamp="2026-06-24T12:33:30.324696+00:00" hostname="agent-env-c1ffddfa-709a-40ca-ba97-1da3706771c7"><testcase classname="tests.test_apple_review_build_105.TestProdAppleReviewLogin" name="test_prod_login_new_password_success" time="0.676" /><testcase classname="tests.test_apple_review_build_105.TestProdAppleReviewLogin" name="test_prod_login_old_password_1_rejected" time="0.283" /><testcase classname="tests.test_apple_review_build_105.TestProdAppleReviewLogin" name="test_prod_login_old_password_2_rejected" time="0.289" /><testcase classname="tests.test_apple_review_build_105.TestLocalAppleReviewLogin" name="test_local_login_new_password_success" time="0.248" /><testcase classname="tests.test_apple_review_build_105.TestProdAuthenticatedAccess" name="test_auth_me" time="0.115" /><testcase classname="tests.test_apple_review_build_105.TestProdAuthenticatedAccess" name="test_chantiers_list" time="0.094"><failure message="AssertionError: Expected &gt;=3 chantiers, got 1&#10;assert 1 &gt;= 3&#10; +  where 1 = len([{'id': '8678bb1f-a77d-4f5d-9e6e-94ef1c0c6590', 'client_name': 'Dupont Jean', 'first_name': 'Jean', 'last_name': 'Dupont', 'address': '12 Avenue Louise, 1050 Bruxelles', 'postal_code': None, 'city': None, 'status': 'a_mesurer', 'created_by': 'c5fa4484-5fae-48f0-b341-27cbcbdc5a96', 'assigned_to': None, 'appointment_at': None, 'notes': 'Chantier de d\xe9monstration \u2014 remplacement de 3 ch\xe2ssis PVC', 'company_id': 'demo-menuiserie-a72594', 'client_signature': None, 'signed_at': None, 'created_at': '2026-06-11T09:51:27.563531+00:00', 'site_photos': [], 'wall_config': None, 'mod_request': None}])">backend/tests/test_apple_review_build_105.py:90: in test_chantiers_list
    assert len(items) &gt;= 3, f"Expected &gt;=3 chantiers, got {len(items)}"
E   AssertionError: Expected &gt;=3 chantiers, got 1
E   assert 1 &gt;= 3
E    +  where 1 = len([{'id': '8678bb1f-a77d-4f5d-9e6e-94ef1c0c6590', 'client_name': 'Dupont Jean', 'first_name': 'Jean', 'last_name': 'Dupont', 'address': '12 Avenue Louise, 1050 Bruxelles', 'postal_code': None, 'city': None, 'status': 'a_mesurer', 'created_by': 'c5fa4484-5fae-48f0-b341-27cbcbdc5a96', 'assigned_to': None, 'appointment_at': None, 'notes': 'Chantier de d\xe9monstration \u2014 remplacement de 3 ch\xe2ssis PVC', 'company_id': 'demo-menuiserie-a72594', 'client_signature': None, 'signed_at': None, 'created_at': '2026-06-11T09:51:27.563531+00:00', 'site_photos': [], 'wall_config': None, 'mod_request': None}])</failure></testcase><testcase classname="tests.test_apple_review_build_105.TestProdAuthenticatedAccess" name="test_users_list_admin" time="0.102" /></testsuite></testsuites>