<?xml version="1.0" encoding="utf-8"?><testsuites name="pytest tests"><testsuite name="pytest" errors="0" failures="0" skipped="0" tests="63" time="20.952" timestamp="2026-05-16T21:41:36.070210+00:00" hostname="agent-env-c1ffddfa-709a-40ca-ba97-1da3706771c7"><testcase classname="backend.tests.test_auth.TestAuth" name="test_login_admin" time="0.424" /><testcase classname="backend.tests.test_auth.TestAuth" name="test_login_commercial" time="0.291" /><testcase classname="backend.tests.test_auth.TestAuth" name="test_login_technician" time="0.282" /><testcase classname="backend.tests.test_auth.TestAuth" name="test_login_bad_password" time="0.277" /><testcase classname="backend.tests.test_auth.TestAuth" name="test_me_with_valid_token" time="0.386" /><testcase classname="backend.tests.test_auth.TestAuth" name="test_me_missing_token" time="0.102" /><testcase classname="backend.tests.test_auth.TestAuth" name="test_me_invalid_token" time="0.106" /><testcase classname="backend.tests.test_auth.TestAuth" name="test_register_new_user_and_duplicate" time="0.339" /><testcase classname="backend.tests.test_chantiers.TestChantiers" name="test_list_unauth" time="0.107" /><testcase classname="backend.tests.test_chantiers.TestChantiers" name="test_list_all_returns_seed" time="0.114" /><testcase classname="backend.tests.test_chantiers.TestChantiers" name="test_filter_by_status" time="0.116" /><testcase classname="backend.tests.test_chantiers.TestChantiers" name="test_search_by_address_paris" time="0.103" /><testcase classname="backend.tests.test_chantiers.TestChantiers" name="test_create_get_patch_chantier" time="0.827" /><testcase classname="backend.tests.test_chantiers.TestChantiers" name="test_get_chantier_404" time="0.102" /><testcase classname="backend.tests.test_feedbacks_exports.TestFeedbacks" name="test_unauth_create_feedback" time="0.112" /><testcase classname="backend.tests.test_feedbacks_exports.TestFeedbacks" name="test_tech_create_feedback" time="0.389" /><testcase classname="backend.tests.test_feedbacks_exports.TestFeedbacks" name="test_tech_cannot_list_feedbacks" time="0.112" /><testcase classname="backend.tests.test_feedbacks_exports.TestFeedbacks" name="test_commercial_cannot_list_feedbacks" time="0.103" /><testcase classname="backend.tests.test_feedbacks_exports.TestFeedbacks" name="test_admin_list_feedbacks" time="0.116" /><testcase classname="backend.tests.test_feedbacks_exports.TestExports" name="test_export_pdf_unauth" time="0.512" /><testcase classname="backend.tests.test_feedbacks_exports.TestExports" name="test_export_pdf_success" time="0.109" /><testcase classname="backend.tests.test_feedbacks_exports.TestExports" name="test_export_pdf_404" time="0.124" /><testcase classname="backend.tests.test_feedbacks_exports.TestExports" name="test_export_json_success" time="0.175" /><testcase classname="backend.tests.test_iter3_roles_stats_push.TestChantierRoleRestrictions" name="test_post_chantier_admin_ok" time="0.205" /><testcase classname="backend.tests.test_iter3_roles_stats_push.TestChantierRoleRestrictions" name="test_post_chantier_commercial_ok" time="0.229" /><testcase classname="backend.tests.test_iter3_roles_stats_push.TestChantierRoleRestrictions" name="test_post_chantier_technician_forbidden" time="0.104" /><testcase classname="backend.tests.test_iter3_roles_stats_push.TestChantierRoleRestrictions" name="test_patch_chantier_admin_ok" time="0.351" /><testcase classname="backend.tests.test_iter3_roles_stats_push.TestChantierRoleRestrictions" name="test_patch_chantier_commercial_ok" time="0.329" /><testcase classname="backend.tests.test_iter3_roles_stats_push.TestChantierRoleRestrictions" name="test_patch_chantier_technician_forbidden" time="0.322" /><testcase classname="backend.tests.test_iter3_roles_stats_push.TestChantierRoleRestrictions" name="test_delete_chantier_commercial_forbidden" time="0.325" /><testcase classname="backend.tests.test_iter3_roles_stats_push.TestChantierRoleRestrictions" name="test_delete_chantier_technician_forbidden" time="0.343" /><testcase classname="backend.tests.test_iter3_roles_stats_push.TestChantierRoleRestrictions" name="test_delete_chantier_admin_ok" time="0.307" /><testcase classname="backend.tests.test_iter3_roles_stats_push.TestMesureAllRoles" name="test_mesure_admin" time="0.316" /><testcase classname="backend.tests.test_iter3_roles_stats_push.TestMesureAllRoles" name="test_mesure_commercial" time="0.301" /><testcase classname="backend.tests.test_iter3_roles_stats_push.TestMesureAllRoles" name="test_mesure_technician" time="0.421" /><testcase classname="backend.tests.test_iter3_roles_stats_push.TestPushToken" name="test_set_push_token" time="0.106" /><testcase classname="backend.tests.test_iter3_roles_stats_push.TestPushToken" name="test_clear_push_token_with_null" time="0.221" /><testcase classname="backend.tests.test_iter3_roles_stats_push.TestPushToken" name="test_me_endpoint_still_works_after_token_set" time="0.229" /><testcase classname="backend.tests.test_iter3_roles_stats_push.TestPatchAssignmentPushBestEffort" name="test_patch_assigned_to_no_token_no_error" time="0.535" /><testcase classname="backend.tests.test_iter3_roles_stats_push.TestStatsCompany" name="test_stats_admin_default_shape" time="0.102" /><testcase classname="backend.tests.test_iter3_roles_stats_push.TestStatsCompany" name="test_stats_commercial_forbidden" time="0.142" /><testcase classname="backend.tests.test_iter3_roles_stats_push.TestStatsCompany" name="test_stats_technician_forbidden" time="0.106" /><testcase classname="backend.tests.test_iter3_roles_stats_push.TestStatsCompany" name="test_stats_isolated_by_company" time="1.289" /><testcase classname="backend.tests.test_mesures.TestMesures" name="test_unauth_create_mesure" time="0.160" /><testcase classname="backend.tests.test_mesures.TestMesures" name="test_standard_alerts" time="0.616" /><testcase classname="backend.tests.test_mesures.TestMesures" name="test_trapeze_slope_angle" time="0.160" /><testcase classname="backend.tests.test_mesures.TestMesures" name="test_list_mesures_includes_alerts" time="0.166" /><testcase classname="backend.tests.test_mesures.TestMesures" name="test_invalid_block_type" time="0.156" /><testcase classname="backend.tests.test_mesures.TestMesures" name="test_mesure_chantier_404" time="0.234" /><testcase classname="backend.tests.test_multitenant.TestRegisterCompany" name="test_register_persists_company_id" time="0.380" /><testcase classname="backend.tests.test_multitenant.TestRegisterCompany" name="test_me_returns_company_id" time="0.198" /><testcase classname="backend.tests.test_multitenant.TestRegisterCompany" name="test_default_admin_company_is_default" time="0.161" /><testcase classname="backend.tests.test_multitenant.TestChantierIsolation" name="test_seeded_chantiers_visible_to_default_admin" time="0.168" /><testcase classname="backend.tests.test_multitenant.TestChantierIsolation" name="test_acme_chantier_invisible_to_default_admin" time="1.473" /><testcase classname="backend.tests.test_multitenant.TestChantierIsolation" name="test_acme_user_sees_only_acme_chantiers" time="0.179" /><testcase classname="backend.tests.test_multitenant.TestChantierAssignment" name="test_patch_assigned_to_persists" time="0.802" /><testcase classname="backend.tests.test_multitenant.TestHorsEquerreTolerance" name="test_delta_3mm_no_alert" time="0.482" /><testcase classname="backend.tests.test_multitenant.TestHorsEquerreTolerance" name="test_delta_5mm_no_alert_at_boundary" time="0.488" /><testcase classname="backend.tests.test_multitenant.TestHorsEquerreTolerance" name="test_delta_10mm_alerts" time="0.482" /><testcase classname="backend.tests.test_multitenant.TestFeedbackDeleteAndIsolation" name="test_admin_delete_feedback" time="0.645" /><testcase classname="backend.tests.test_multitenant.TestFeedbackDeleteAndIsolation" name="test_tech_cannot_delete_feedback" time="0.499" /><testcase classname="backend.tests.test_multitenant.TestFeedbackDeleteAndIsolation" name="test_feedback_isolation_between_companies" time="0.635" /><testcase classname="backend.tests.test_multitenant.TestSearchRegexEscape" name="test_search_with_parentheses_no_500" time="1.177" /></testsuite></testsuites>