<?xml version="1.0" encoding="utf-8"?><testsuites name="pytest tests"><testsuite name="pytest" errors="0" failures="0" skipped="0" tests="11" time="24.826" timestamp="2026-06-22T09:30:16.396370+00:00" hostname="agent-env-c1ffddfa-709a-40ca-ba97-1da3706771c7"><testcase classname="tests.test_build_11_3_1_fixes" name="test_vies_fix_valid_null_returns_fallback_true" time="0.266" /><testcase classname="tests.test_build_11_3_1_fixes" name="test_vies_fix_valid_false_still_rejects" time="0.001" /><testcase classname="tests.test_build_11_3_1_fixes" name="test_vies_fix_valid_true_accepts" time="0.001" /><testcase classname="tests.test_build_11_3_1_fixes" name="test_register_be0428759497_first_try" time="5.483" /><testcase classname="tests.test_build_11_3_1_fixes" name="test_verify_first_call_returns_200_and_jwt" time="5.162" /><testcase classname="tests.test_build_11_3_1_fixes" name="test_verify_second_call_graceful_still_200" time="5.863" /><testcase classname="tests.test_build_11_3_1_fixes" name="test_verify_used_token_but_user_deleted_returns_400" time="5.923" /><testcase classname="tests.test_build_11_3_1_fixes" name="test_verify_invalid_token_returns_400" time="0.150" /><testcase classname="tests.test_build_11_3_1_fixes" name="test_apple_review_login_still_works" time="0.353" /><testcase classname="tests.test_build_11_3_1_fixes" name="test_apple_review_company_has_vat_be0123456789" time="0.006" /><testcase classname="tests.test_build_11_3_1_fixes" name="test_apple_review_can_call_authenticated_endpoint" time="0.315" /></testsuite></testsuites>