<?xml version="1.0" encoding="utf-8"?><testsuites name="pytest tests"><testsuite name="pytest" errors="0" failures="0" skipped="0" tests="14" time="6.241" timestamp="2026-05-16T21:14:04.475487+00:00" hostname="agent-env-c1ffddfa-709a-40ca-ba97-1da3706771c7"><testcase classname="backend.tests.test_multitenant.TestRegisterCompany" name="test_register_persists_company_id" time="0.373" /><testcase classname="backend.tests.test_multitenant.TestRegisterCompany" name="test_me_returns_company_id" time="0.108" /><testcase classname="backend.tests.test_multitenant.TestRegisterCompany" name="test_default_admin_company_is_default" time="0.458" /><testcase classname="backend.tests.test_multitenant.TestChantierIsolation" name="test_seeded_chantiers_visible_to_default_admin" time="0.114" /><testcase classname="backend.tests.test_multitenant.TestChantierIsolation" name="test_acme_chantier_invisible_to_default_admin" time="0.671" /><testcase classname="backend.tests.test_multitenant.TestChantierIsolation" name="test_acme_user_sees_only_acme_chantiers" time="0.105" /><testcase classname="backend.tests.test_multitenant.TestChantierAssignment" name="test_patch_assigned_to_persists" time="0.839" /><testcase classname="backend.tests.test_multitenant.TestHorsEquerreTolerance" name="test_delta_3mm_no_alert" time="0.328" /><testcase classname="backend.tests.test_multitenant.TestHorsEquerreTolerance" name="test_delta_5mm_no_alert_at_boundary" time="0.366" /><testcase classname="backend.tests.test_multitenant.TestHorsEquerreTolerance" name="test_delta_10mm_alerts" time="0.344" /><testcase classname="backend.tests.test_multitenant.TestFeedbackDeleteAndIsolation" name="test_admin_delete_feedback" time="0.687" /><testcase classname="backend.tests.test_multitenant.TestFeedbackDeleteAndIsolation" name="test_tech_cannot_delete_feedback" time="0.323" /><testcase classname="backend.tests.test_multitenant.TestFeedbackDeleteAndIsolation" name="test_feedback_isolation_between_companies" time="0.762" /><testcase classname="backend.tests.test_multitenant.TestSearchRegexEscape" name="test_search_with_parentheses_no_500" time="0.717" /></testsuite></testsuites>