<?xml version="1.0" encoding="utf-8"?><testsuites name="pytest tests"><testsuite name="pytest" errors="0" failures="0" skipped="0" tests="20" time="5.645" timestamp="2026-05-16T23:07:57.283248+00:00" hostname="agent-env-c1ffddfa-709a-40ca-ba97-1da3706771c7"><testcase classname="backend.tests.test_iter6_brique_parement_diagonals.TestWallTypeBriqueParement" name="test_brique_parement_accepted" time="1.521" /><testcase classname="backend.tests.test_iter6_brique_parement_diagonals.TestWallTypeBriqueParement" name="test_all_four_wall_types_accepted[ite]" time="0.170" /><testcase classname="backend.tests.test_iter6_brique_parement_diagonals.TestWallTypeBriqueParement" name="test_all_four_wall_types_accepted[iti]" time="0.168" /><testcase classname="backend.tests.test_iter6_brique_parement_diagonals.TestWallTypeBriqueParement" name="test_all_four_wall_types_accepted[crepi_simple]" time="0.182" /><testcase classname="backend.tests.test_iter6_brique_parement_diagonals.TestWallTypeBriqueParement" name="test_all_four_wall_types_accepted[brique_parement]" time="0.164" /><testcase classname="backend.tests.test_iter6_brique_parement_diagonals.TestWallTypeBriqueParement" name="test_invalid_wall_type_rejected[invalid_xxx]" time="0.159" /><testcase classname="backend.tests.test_iter6_brique_parement_diagonals.TestWallTypeBriqueParement" name="test_invalid_wall_type_rejected[BRIQUE_PAREMENT]" time="0.163" /><testcase classname="backend.tests.test_iter6_brique_parement_diagonals.TestWallTypeBriqueParement" name="test_invalid_wall_type_rejected[brique-parement]" time="0.166" /><testcase classname="backend.tests.test_iter6_brique_parement_diagonals.TestWallTypeBriqueParement" name="test_invalid_wall_type_rejected[brique parement]" time="0.167" /><testcase classname="backend.tests.test_iter6_brique_parement_diagonals.TestWallTypeBriqueParement" name="test_invalid_wall_type_rejected[brique]" time="0.170" /><testcase classname="backend.tests.test_iter6_brique_parement_diagonals.TestWallTypeBriqueParement" name="test_invalid_wall_type_rejected[parement]" time="0.161" /><testcase classname="backend.tests.test_iter6_brique_parement_diagonals.TestWallTypeBriqueParement" name="test_invalid_wall_type_rejected[foo]" time="0.167" /><testcase classname="backend.tests.test_iter6_brique_parement_diagonals.TestWallTypeBriqueParement" name="test_invalid_wall_type_rejected[]" time="0.156" /><testcase classname="backend.tests.test_iter6_brique_parement_diagonals.TestWallTypeBriqueParement" name="test_invalid_wall_type_rejected[ ]" time="0.163" /><testcase classname="backend.tests.test_iter6_brique_parement_diagonals.TestNewDiagonalFields" name="test_all_four_diagonal_fields_persisted" time="0.344" /><testcase classname="backend.tests.test_iter6_brique_parement_diagonals.TestNewDiagonalFields" name="test_legacy_bay_diagonal_still_accepted" time="0.160" /><testcase classname="backend.tests.test_iter6_brique_parement_diagonals.TestNewDiagonalFields" name="test_partial_new_diagonal_fields" time="0.189" /><testcase classname="backend.tests.test_iter6_brique_parement_diagonals.TestNewDiagonalFields" name="test_verified_flags_default_none_when_omitted" time="0.167" /><testcase classname="backend.tests.test_iter6_brique_parement_diagonals.TestExportsBriqueParement" name="test_export_xlsx_with_brique_parement" time="0.531" /><testcase classname="backend.tests.test_iter6_brique_parement_diagonals.TestExportsBriqueParement" name="test_export_pdf_with_brique_parement" time="0.532" /></testsuite></testsuites>