<?xml version="1.0" encoding="utf-8"?><testsuites name="pytest tests"><testsuite name="pytest" errors="0" failures="0" skipped="0" tests="5" time="3.915" timestamp="2026-07-05T08:45:56.156348+00:00" hostname="agent-env-c1ffddfa-709a-40ca-ba97-1da3706771c7"><testcase classname="tests.test_build_114_apple_paywall" name="test_company_profile_expired_beta_mode_false" time="0.895" /><testcase classname="tests.test_build_114_apple_paywall" name="test_company_profile_active_beta_mode_true" time="0.435" /><testcase classname="tests.test_build_114_apple_paywall" name="test_chantiers_expired_returns_402" time="0.126" /><testcase classname="tests.test_build_114_apple_paywall" name="test_chantiers_active_returns_200" time="0.126" /><testcase classname="tests.test_build_114_apple_paywall" name="test_auth_me_expired_returns_200" time="0.119" /></testsuite></testsuites>