<?xml version="1.0" encoding="utf-8"?><testsuites name="pytest tests"><testsuite name="pytest" errors="0" failures="0" skipped="0" tests="10" time="4.136" timestamp="2026-06-24T19:22:12.641519+00:00" hostname="agent-env-c1ffddfa-709a-40ca-ba97-1da3706771c7"><testcase classname="tests.test_campaign_rgpd_unsubscribe.TestUnsubscribeToken" name="test_token_roundtrip" time="0.272" /><testcase classname="tests.test_campaign_rgpd_unsubscribe.TestUnsubscribeToken" name="test_token_invalid_raises" time="0.001" /><testcase classname="tests.test_campaign_rgpd_unsubscribe.TestUnsubscribeToken" name="test_footer_html_contains_link" time="0.001" /><testcase classname="tests.test_campaign_rgpd_unsubscribe.TestPublicUnsubscribeEndpoint" name="test_invalid_token_returns_400" time="0.275" /><testcase classname="tests.test_campaign_rgpd_unsubscribe.TestPublicUnsubscribeEndpoint" name="test_valid_token_returns_html_and_marks_unsubscribed" time="0.952" /><testcase classname="tests.test_campaign_rgpd_unsubscribe.TestAdminUnsubscribe" name="test_admin_unsubscribe_then_resubscribe" time="0.790" /><testcase classname="tests.test_campaign_rgpd_unsubscribe.TestAdminUnsubscribe" name="test_admin_unsubscribe_unknown_prospect_returns_404" time="0.141" /><testcase classname="tests.test_campaign_rgpd_unsubscribe.TestStatsAndList" name="test_stats_has_unsubscribed_field" time="0.125" /><testcase classname="tests.test_campaign_rgpd_unsubscribe.TestStatsAndList" name="test_prospects_list_contains_unsubscribed_records" time="0.140" /><testcase classname="tests.test_campaign_rgpd_unsubscribe.TestCronFilters" name="test_relances_dues_excludes_unsubscribed" time="0.010" /></testsuite></testsuites>