<?xml version="1.0" encoding="utf-8"?><testsuites name="pytest tests"><testsuite name="pytest" errors="0" failures="0" skipped="0" tests="32" time="22.604" timestamp="2026-06-19T07:52:00.990753+00:00" hostname="agent-env-c1ffddfa-709a-40ca-ba97-1da3706771c7"><testcase classname="tests.test_referral.TestReferralMe" name="test_admin_returns_code_and_stats" time="0.258" /><testcase classname="tests.test_referral.TestReferralMe" name="test_auto_generated_code_for_new_account" time="0.693" /><testcase classname="tests.test_referral.TestReferralMe" name="test_persistence_after_update" time="0.675" /><testcase classname="tests.test_referral.TestReferralCodeUpdate" name="test_valid_custom_code" time="0.612" /><testcase classname="tests.test_referral.TestReferralCodeUpdate" name="test_lowercase_normalized_to_upper" time="0.732" /><testcase classname="tests.test_referral.TestReferralCodeUpdate" name="test_invalid_format_special_chars[A!B@]" time="0.710" /><testcase classname="tests.test_referral.TestReferralCodeUpdate" name="test_invalid_format_special_chars[JEAN_MENU]" time="1.001" /><testcase classname="tests.test_referral.TestReferralCodeUpdate" name="test_invalid_format_special_chars[PASCAL/CO]" time="0.637" /><testcase classname="tests.test_referral.TestReferralCodeUpdate" name="test_invalid_format_special_chars[../etc]" time="0.646" /><testcase classname="tests.test_referral.TestReferralCodeUpdate" name="test_spaces_in_code_currently_normalized_to_hyphens" time="0.629" /><testcase classname="tests.test_referral.TestReferralCodeUpdate" name="test_too_short" time="0.714" /><testcase classname="tests.test_referral.TestReferralCodeUpdate" name="test_too_long" time="0.627" /><testcase classname="tests.test_referral.TestReferralCodeUpdate" name="test_reserved_words[ADMIN]" time="0.614" /><testcase classname="tests.test_referral.TestReferralCodeUpdate" name="test_reserved_words[MESURECHASSIS]" time="0.616" /><testcase classname="tests.test_referral.TestReferralCodeUpdate" name="test_reserved_words[DEMO]" time="0.609" /><testcase classname="tests.test_referral.TestReferralCodeUpdate" name="test_reserved_words[TEST]" time="0.665" /><testcase classname="tests.test_referral.TestReferralCodeUpdate" name="test_reserved_words[admin]" time="0.632" /><testcase classname="tests.test_referral.TestReferralCodeUpdate" name="test_reserved_words[DeMo]" time="0.649" /><testcase classname="tests.test_referral.TestReferralCodeUpdate" name="test_mc_prefix_reserved" time="0.617" /><testcase classname="tests.test_referral.TestReferralCodeUpdate" name="test_duplicate_code_409" time="1.253" /><testcase classname="tests.test_referral.TestReferralCodeUpdate" name="test_can_update_to_same_code_idempotent" time="0.749" /><testcase classname="tests.test_referral.TestReferralValidate" name="test_valid_existing_code" time="0.002" /><testcase classname="tests.test_referral.TestReferralValidate" name="test_unknown_code" time="0.002" /><testcase classname="tests.test_referral.TestReferralValidate" name="test_empty_code" time="0.002" /><testcase classname="tests.test_referral.TestReferralValidate" name="test_lowercase_resolves_to_upper" time="0.002" /><testcase classname="tests.test_referral.TestRegisterWithReferral" name="test_register_with_valid_code_links_parrain" time="0.401" /><testcase classname="tests.test_referral.TestRegisterWithReferral" name="test_register_with_invalid_code_still_succeeds" time="0.417" /><testcase classname="tests.test_referral.TestRegisterWithReferral" name="test_register_with_empty_referral_code_is_noop" time="0.384" /><testcase classname="tests.test_referral.TestAntiSelfReferral" name="test_link_refuses_self_referral" time="0.981" /><testcase classname="tests.test_referral.TestCreditParrain" name="test_idempotence_credit" time="0.377" /><testcase classname="tests.test_referral.TestCreditParrain" name="test_limit_10_filleuls" time="5.170" /><testcase classname="tests.test_referral.TestCreditParrain" name="test_credit_no_parrain_noop" time="0.467" /></testsuite></testsuites>