<?xml version="1.0" encoding="utf-8"?><testsuites name="pytest tests"><testsuite name="pytest" errors="0" failures="0" skipped="0" tests="6" time="2.819" timestamp="2026-07-12T18:21:20.957271+00:00" hostname="agent-env-c1ffddfa-709a-40ca-ba97-1da3706771c7"><testcase classname="tests.test_appstore_screenshots" name="test_appstore_screenshots_endpoint[/api/_downloads/appstore-screenshots-v114-expected_dims0]" time="0.614" /><testcase classname="tests.test_appstore_screenshots" name="test_appstore_screenshots_endpoint[/api/_downloads/appstore-screenshots-6_9-v114-expected_dims1]" time="0.071" /><testcase classname="tests.test_appstore_screenshots" name="test_appstore_screenshots_endpoint[/api/_downloads/appstore-screenshots-6_7-v114-expected_dims2]" time="0.099" /><testcase classname="tests.test_appstore_screenshots" name="test_appstore_screenshots_endpoint[/api/_downloads/appstore-screenshots-6_5-v114-expected_dims3]" time="0.084" /><testcase classname="tests.test_appstore_screenshots" name="test_appstore_screenshots_endpoint[/api/_downloads/appstore-screenshots-ipad-12_9-v114-expected_dims4]" time="0.071" /><testcase classname="tests.test_appstore_screenshots" name="test_appstore_screenshots_endpoint[/api/_downloads/appstore-screenshots-ipad-13-v114-expected_dims5]" time="0.069" /></testsuite></testsuites>