<?xml version="1.0" encoding="utf-8"?><testsuites name="pytest tests"><testsuite name="pytest" errors="0" failures="0" skipped="0" tests="12" time="5.477" timestamp="2026-07-23T09:20:50.778861+00:00" hostname="agent-env-c1ffddfa-709a-40ca-ba97-1da3706771c7"><testcase classname="tests.test_exit_survey_v114" name="test_delete_survey_no_auth" time="0.258" /><testcase classname="tests.test_exit_survey_v114" name="test_delete_survey_invalid_reason" time="0.450" /><testcase classname="tests.test_exit_survey_v114" name="test_delete_survey_other_without_custom_text" time="0.451" /><testcase classname="tests.test_exit_survey_v114" name="test_delete_survey_wrong_password" time="0.671" /><testcase classname="tests.test_exit_survey_v114" name="test_delete_survey_happy_path_and_db" time="1.138" /><testcase classname="tests.test_exit_survey_v114" name="test_login_blocked_when_pending_deletion" time="1.216" /><testcase classname="tests.test_exit_survey_v114" name="test_restore_missing_token" time="0.002" /><testcase classname="tests.test_exit_survey_v114" name="test_restore_invalid_token" time="0.001" /><testcase classname="tests.test_exit_survey_v114" name="test_restore_full_flow_and_idempotence" time="1.258" /><testcase classname="tests.test_exit_survey_v114" name="test_admin_exit_surveys_no_token" time="0.001" /><testcase classname="tests.test_exit_survey_v114" name="test_admin_exit_surveys_bad_token" time="0.001" /><testcase classname="tests.test_exit_survey_v114" name="test_admin_exit_surveys_good_token" time="0.007" /></testsuite></testsuites>