<?xml version="1.0" encoding="utf-8"?><testsuites name="pytest tests"><testsuite name="pytest" errors="0" failures="0" skipped="0" tests="24" time="18.431" timestamp="2026-06-29T22:16:30.359929+00:00" hostname="agent-env-39dd0203-9f1c-4eb5-961c-ea1dacc3bbbb"><testcase classname="backend.tests.test_security_audit.TestSec001JwtSecret" name="test_a_admin_demo_login_succeeds" time="0.578" /><testcase classname="backend.tests.test_security_audit.TestSec001JwtSecret" name="test_b_wrong_password_returns_401" time="0.329" /><testcase classname="backend.tests.test_security_audit.TestSecurityHeaders" name="test_root_has_security_headers" time="0.107" /><testcase classname="backend.tests.test_security_audit.TestPasswordPolicy" name="test_weak_password_rejected_422[shortpw-too short]" time="0.107" /><testcase classname="backend.tests.test_security_audit.TestPasswordPolicy" name="test_weak_password_rejected_422[abcdefgh-no digit]" time="0.108" /><testcase classname="backend.tests.test_security_audit.TestPasswordPolicy" name="test_weak_password_rejected_422[12345678-no letter]" time="0.095" /><testcase classname="backend.tests.test_security_audit.TestPasswordPolicy" name="test_strong_password_accepted" time="0.321" /><testcase classname="backend.tests.test_security_audit.TestSec002CrossTenantIsolation" name="test_a_admin_b_cannot_see_admin_a_project" time="0.978" /><testcase classname="backend.tests.test_security_audit.TestSec002CrossTenantIsolation" name="test_b_admin_b_direct_get_returns_404" time="0.112" /><testcase classname="backend.tests.test_security_audit.TestSec002CrossTenantIsolation" name="test_c_admin_b_put_returns_404" time="0.136" /><testcase classname="backend.tests.test_security_audit.TestSec002CrossTenantIsolation" name="test_d_admin_b_delete_returns_404" time="0.101" /><testcase classname="backend.tests.test_security_audit.TestSec002CrossTenantIsolation" name="test_e_admin_b_transmit_returns_404" time="0.096" /><testcase classname="backend.tests.test_security_audit.TestSec002CrossTenantIsolation" name="test_f_admin_b_unlock_returns_404" time="0.096" /><testcase classname="backend.tests.test_security_audit.TestSec002CrossTenantIsolation" name="test_g_admin_b_integration_returns_404" time="0.095" /><testcase classname="backend.tests.test_security_audit.TestSec002CrossTenantIsolation" name="test_h_admin_a_can_still_access_own_project" time="0.104" /><testcase classname="backend.tests.test_security_audit.TestSec002DemoTenants" name="test_a_marie_does_not_see_marc_projects" time="1.344" /><testcase classname="backend.tests.test_security_audit.TestSec002SameTenantVisibility" name="test_sophie_sees_marie_project" time="0.907" /><testcase classname="backend.tests.test_security_audit.TestRegression" name="test_a_full_project_crud" time="1.025" /><testcase classname="backend.tests.test_security_audit.TestRegression" name="test_b_stairs_v2_crud" time="0.596" /><testcase classname="backend.tests.test_security_audit.TestRegression" name="test_c_photos_crud" time="0.634" /><testcase classname="backend.tests.test_security_audit.TestRegression" name="test_d_stats_endpoint" time="0.103" /><testcase classname="backend.tests.test_security_audit.TestRegression" name="test_e_exports_pdf" time="0.405" /><testcase classname="backend.tests.test_security_audit.TestRegression" name="test_f_user_invite_and_delete_same_tenant" time="0.453" /><testcase classname="backend.tests.test_security_audit.TestZRateLimit" name="test_login_returns_429_after_threshold" time="9.504" /></testsuite></testsuites>