<?xml version="1.0" encoding="utf-8"?><testsuites name="pytest tests"><testsuite name="pytest" errors="0" failures="0" skipped="0" tests="25" time="4.694" timestamp="2026-06-19T13:41:05.415530+00:00" hostname="agent-env-c1ffddfa-709a-40ca-ba97-1da3706771c7"><testcase classname="tests.test_partners.TestCreatePartner" name="test_create_partner_valid" time="0.708" /><testcase classname="tests.test_partners.TestCreatePartner" name="test_create_partner_non_admin_commercial_403" time="0.422" /><testcase classname="tests.test_partners.TestCreatePartner" name="test_create_partner_non_admin_technicien_403" time="0.418" /><testcase classname="tests.test_partners.TestCreatePartner" name="test_create_partner_invalid_platform" time="0.104" /><testcase classname="tests.test_partners.TestCreatePartner" name="test_create_partner_reserved_prefix" time="0.097" /><testcase classname="tests.test_partners.TestCreatePartner" name="test_create_partner_duplicate_custom_code" time="0.199" /><testcase classname="tests.test_partners.TestListAndDetail" name="test_list_partners_admin" time="0.111" /><testcase classname="tests.test_partners.TestListAndDetail" name="test_list_partners_non_admin_403" time="0.093" /><testcase classname="tests.test_partners.TestListAndDetail" name="test_get_partner_detail" time="0.101" /><testcase classname="tests.test_partners.TestListAndDetail" name="test_get_partner_not_found" time="0.096" /><testcase classname="tests.test_partners.TestUpdatePartner" name="test_patch_invalid_status" time="0.103" /><testcase classname="tests.test_partners.TestUpdatePartner" name="test_patch_contract_signed_auto_activates" time="0.100" /><testcase classname="tests.test_partners.TestUpdatePartner" name="test_patch_not_found" time="0.104" /><testcase classname="tests.test_partners.TestStats" name="test_partner_stats_zero" time="0.097" /><testcase classname="tests.test_partners.TestStats" name="test_partner_stats_not_found" time="0.102" /><testcase classname="tests.test_partners.TestStats" name="test_global_summary" time="0.102" /><testcase classname="tests.test_partners.TestPublicTracking" name="test_track_click_active_partner" time="0.224" /><testcase classname="tests.test_partners.TestPublicTracking" name="test_track_click_pending_partner" time="0.209" /><testcase classname="tests.test_partners.TestPublicTracking" name="test_track_click_unknown_code" time="0.093" /><testcase classname="tests.test_partners.TestPublicTracking" name="test_lookup_active" time="0.215" /><testcase classname="tests.test_partners.TestPublicTracking" name="test_lookup_unknown" time="0.101" /><testcase classname="tests.test_partners.TestDeletePartner" name="test_delete_marks_terminated" time="0.290" /><testcase classname="tests.test_partners.TestDeletePartner" name="test_delete_not_found" time="0.110" /><testcase classname="tests.test_partners.TestPDFDownloads" name="test_partner_contract_pdf" time="0.128" /><testcase classname="tests.test_partners.TestPDFDownloads" name="test_roadmap_michel_pdf" time="0.314" /></testsuite></testsuites>