<?xml version="1.0" encoding="utf-8"?><testsuites name="pytest tests"><testsuite name="pytest" errors="0" failures="0" skipped="0" tests="7" time="2.262" timestamp="2026-06-25T19:37:30.055446+00:00" hostname="agent-env-c1ffddfa-709a-40ca-ba97-1da3706771c7"><testcase classname="tests.test_build_107_apple_review.TestAppleReviewLogin" name="test_apple_login_success" time="0.644" /><testcase classname="tests.test_build_107_apple_review.TestAppleReviewLogin" name="test_apple_login_wrong_password_401" time="0.328" /><testcase classname="tests.test_build_107_apple_review.TestAppleReviewLogin" name="test_apple_login_unknown_user_401" time="0.093" /><testcase classname="tests.test_build_107_apple_review.TestRegressionLocalAccounts" name="test_admin_local_login" time="0.355" /><testcase classname="tests.test_build_107_apple_review.TestRegressionLocalAccounts" name="test_tech_local_login" time="0.392" /><testcase classname="tests.test_build_107_apple_review.TestLoginEdgeCases" name="test_login_uppercase_email_accepted" time="0.322" /><testcase classname="tests.test_build_107_apple_review.TestLoginEdgeCases" name="test_login_missing_fields_4xx" time="0.102" /></testsuite></testsuites>