<?xml version="1.0" encoding="utf-8"?><testsuites name="pytest tests"><testsuite name="pytest" errors="0" failures="0" skipped="0" tests="14" time="17.026" timestamp="2026-07-15T13:12:38.351044+00:00" hostname="agent-env-c1ffddfa-709a-40ca-ba97-1da3706771c7"><testcase classname="tests.test_vat_completion_lock.TestCompleteSignup" name="test_a1_no_auth_returns_401" time="0.510" /><testcase classname="tests.test_vat_completion_lock.TestCompleteSignup" name="test_a2_empty_vat_returns_400" time="0.049" /><testcase classname="tests.test_vat_completion_lock.TestCompleteSignup" name="test_a3_invalid_vat_format_returns_400" time="0.045" /><testcase classname="tests.test_vat_completion_lock.TestCompleteSignup" name="test_a4_company_name_too_short_returns_400" time="0.634" /><testcase classname="tests.test_vat_completion_lock.TestCompleteSignup" name="test_a5_company_name_too_long_returns_400" time="0.399" /><testcase classname="tests.test_vat_completion_lock.TestCompleteSignup" name="test_a6_valid_payload_returns_200" time="4.498" /><testcase classname="tests.test_vat_completion_lock.TestCompleteSignup" name="test_a7_db_persistence_after_complete_signup" time="0.001" /><testcase classname="tests.test_vat_completion_lock.TestCompleteSignup" name="test_a8_replay_returns_400" time="0.044" /><testcase classname="tests.test_vat_completion_lock.TestAuthMeVatFlag" name="test_b1_user_with_vat_no_flag" time="0.314" /><testcase classname="tests.test_vat_completion_lock.TestAuthMeVatFlag" name="test_b2_user_without_vat_flag_true" time="0.051" /><testcase classname="tests.test_vat_completion_lock.TestAuthMeVatFlag" name="test_b3_flag_disappears_after_complete_signup" time="0.512" /><testcase classname="tests.test_vat_completion_lock.TestRegression" name="test_c1_login_artisan" time="0.264" /><testcase classname="tests.test_vat_completion_lock.TestRegression" name="test_c2_validate_vat_endpoint" time="4.526" /><testcase classname="tests.test_vat_completion_lock.TestRegression" name="test_c3_register_with_valid_vat" time="5.136" /></testsuite></testsuites>