<?xml version="1.0" encoding="utf-8"?><testsuites name="pytest tests"><testsuite name="pytest" errors="0" failures="0" skipped="0" tests="111" time="82.314" timestamp="2026-05-16T23:08:10.599011+00:00" hostname="agent-env-c1ffddfa-709a-40ca-ba97-1da3706771c7"><testcase classname="backend.tests.test_auth.TestAuth" name="test_login_admin" time="0.417" /><testcase classname="backend.tests.test_auth.TestAuth" name="test_login_commercial" time="0.290" /><testcase classname="backend.tests.test_auth.TestAuth" name="test_login_technician" time="0.294" /><testcase classname="backend.tests.test_auth.TestAuth" name="test_login_bad_password" time="0.286" /><testcase classname="backend.tests.test_auth.TestAuth" name="test_me_with_valid_token" time="0.448" /><testcase classname="backend.tests.test_auth.TestAuth" name="test_me_missing_token" time="0.159" /><testcase classname="backend.tests.test_auth.TestAuth" name="test_me_invalid_token" time="0.158" /><testcase classname="backend.tests.test_auth.TestAuth" name="test_register_new_user_and_duplicate" time="0.357" /><testcase classname="backend.tests.test_chantiers.TestChantiers" name="test_list_unauth" time="0.155" /><testcase classname="backend.tests.test_chantiers.TestChantiers" name="test_list_all_returns_seed" time="0.159" /><testcase classname="backend.tests.test_chantiers.TestChantiers" name="test_filter_by_status" time="0.171" /><testcase classname="backend.tests.test_chantiers.TestChantiers" name="test_search_by_address_paris" time="0.153" /><testcase classname="backend.tests.test_chantiers.TestChantiers" name="test_create_get_patch_chantier" time="1.131" /><testcase classname="backend.tests.test_chantiers.TestChantiers" name="test_get_chantier_404" time="0.168" /><testcase classname="backend.tests.test_feedbacks_exports.TestFeedbacks" name="test_unauth_create_feedback" time="0.157" /><testcase classname="backend.tests.test_feedbacks_exports.TestFeedbacks" name="test_tech_create_feedback" time="0.461" /><testcase classname="backend.tests.test_feedbacks_exports.TestFeedbacks" name="test_tech_cannot_list_feedbacks" time="0.170" /><testcase classname="backend.tests.test_feedbacks_exports.TestFeedbacks" name="test_commercial_cannot_list_feedbacks" time="0.183" /><testcase classname="backend.tests.test_feedbacks_exports.TestFeedbacks" name="test_admin_list_feedbacks" time="0.157" /><testcase classname="backend.tests.test_feedbacks_exports.TestExports" name="test_export_pdf_unauth" time="0.704" /><testcase classname="backend.tests.test_feedbacks_exports.TestExports" name="test_export_pdf_success" time="0.177" /><testcase classname="backend.tests.test_feedbacks_exports.TestExports" name="test_export_pdf_404" time="0.159" /><testcase classname="backend.tests.test_feedbacks_exports.TestExports" name="test_export_json_success" time="0.236" /><testcase classname="backend.tests.test_iter3_roles_stats_push.TestChantierRoleRestrictions" name="test_post_chantier_admin_ok" time="0.318" /><testcase classname="backend.tests.test_iter3_roles_stats_push.TestChantierRoleRestrictions" name="test_post_chantier_commercial_ok" time="0.324" /><testcase classname="backend.tests.test_iter3_roles_stats_push.TestChantierRoleRestrictions" name="test_post_chantier_technician_forbidden" time="0.156" /><testcase classname="backend.tests.test_iter3_roles_stats_push.TestChantierRoleRestrictions" name="test_patch_chantier_admin_ok" time="0.490" /><testcase classname="backend.tests.test_iter3_roles_stats_push.TestChantierRoleRestrictions" name="test_patch_chantier_commercial_ok" time="0.482" /><testcase classname="backend.tests.test_iter3_roles_stats_push.TestChantierRoleRestrictions" name="test_patch_chantier_technician_forbidden" time="0.492" /><testcase classname="backend.tests.test_iter3_roles_stats_push.TestChantierRoleRestrictions" name="test_delete_chantier_commercial_forbidden" time="0.487" /><testcase classname="backend.tests.test_iter3_roles_stats_push.TestChantierRoleRestrictions" name="test_delete_chantier_technician_forbidden" time="0.477" /><testcase classname="backend.tests.test_iter3_roles_stats_push.TestChantierRoleRestrictions" name="test_delete_chantier_admin_ok" time="0.504" /><testcase classname="backend.tests.test_iter3_roles_stats_push.TestMesureAllRoles" name="test_mesure_admin" time="0.502" /><testcase classname="backend.tests.test_iter3_roles_stats_push.TestMesureAllRoles" name="test_mesure_commercial" time="0.504" /><testcase classname="backend.tests.test_iter3_roles_stats_push.TestMesureAllRoles" name="test_mesure_technician" time="0.512" /><testcase classname="backend.tests.test_iter3_roles_stats_push.TestPushToken" name="test_set_push_token" time="0.166" /><testcase classname="backend.tests.test_iter3_roles_stats_push.TestPushToken" name="test_clear_push_token_with_null" time="0.326" /><testcase classname="backend.tests.test_iter3_roles_stats_push.TestPushToken" name="test_me_endpoint_still_works_after_token_set" time="0.324" /><testcase classname="backend.tests.test_iter3_roles_stats_push.TestPatchAssignmentPushBestEffort" name="test_patch_assigned_to_no_token_no_error" time="0.845" /><testcase classname="backend.tests.test_iter3_roles_stats_push.TestStatsCompany" name="test_stats_admin_default_shape" time="0.164" /><testcase classname="backend.tests.test_iter3_roles_stats_push.TestStatsCompany" name="test_stats_commercial_forbidden" time="0.180" /><testcase classname="backend.tests.test_iter3_roles_stats_push.TestStatsCompany" name="test_stats_technician_forbidden" time="0.153" /><testcase classname="backend.tests.test_iter3_roles_stats_push.TestStatsCompany" name="test_stats_isolated_by_company" time="1.670" /><testcase classname="backend.tests.test_iter4_new_mesure_fields.TestNewFieldsAcceptance" name="test_post_mesure_with_only_new_fields" time="0.932" /><testcase classname="backend.tests.test_iter4_new_mesure_fields.TestNewFieldsAcceptance" name="test_post_mesure_legacy_only_still_works" time="0.218" /><testcase classname="backend.tests.test_iter4_new_mesure_fields.TestNewFieldsAcceptance" name="test_post_mesure_mix_new_and_legacy" time="0.168" /><testcase classname="backend.tests.test_iter4_new_mesure_fields.TestNewFieldsAcceptance" name="test_wall_type_valid_values[ite]" time="0.157" /><testcase classname="backend.tests.test_iter4_new_mesure_fields.TestNewFieldsAcceptance" name="test_wall_type_valid_values[iti]" time="0.167" /><testcase classname="backend.tests.test_iter4_new_mesure_fields.TestNewFieldsAcceptance" name="test_wall_type_valid_values[crepi_simple]" time="0.172" /><testcase classname="backend.tests.test_iter4_new_mesure_fields.TestNewFieldsAcceptance" name="test_wall_type_arbitrary_string_rejected_iter5" time="30.178" /><testcase classname="backend.tests.test_iter4_new_mesure_fields.TestNewFieldsAcceptance" name="test_technician_can_post_with_new_fields" time="0.145" /><testcase classname="backend.tests.test_iter4_new_mesure_fields.TestRetrievalAndExports" name="test_list_mesures_returns_new_fields" time="0.101" /><testcase classname="backend.tests.test_iter4_new_mesure_fields.TestRetrievalAndExports" name="test_export_pdf_200_with_new_fields" time="0.114" /><testcase classname="backend.tests.test_iter4_new_mesure_fields.TestRetrievalAndExports" name="test_export_json_includes_new_fields" time="0.487" /><testcase classname="backend.tests.test_iter5_validation_xlsx_signature.TestWallTypeValidation" name="test_valid_wall_types_accepted[ite]" time="0.870" /><testcase classname="backend.tests.test_iter5_validation_xlsx_signature.TestWallTypeValidation" name="test_valid_wall_types_accepted[iti]" time="0.097" /><testcase classname="backend.tests.test_iter5_validation_xlsx_signature.TestWallTypeValidation" name="test_valid_wall_types_accepted[crepi_simple]" time="0.104" /><testcase classname="backend.tests.test_iter5_validation_xlsx_signature.TestWallTypeValidation" name="test_invalid_wall_type_rejected_422" time="0.104" /><testcase classname="backend.tests.test_iter5_validation_xlsx_signature.TestWallTypeValidation" name="test_null_wall_type_allowed" time="0.103" /><testcase classname="backend.tests.test_iter5_validation_xlsx_signature.TestWallTypeValidation" name="test_explicit_null_wall_type_allowed" time="0.115" /><testcase classname="backend.tests.test_iter5_validation_xlsx_signature.TestExportXlsx" name="test_export_xlsx_as_admin" time="0.170" /><testcase classname="backend.tests.test_iter5_validation_xlsx_signature.TestExportXlsx" name="test_export_xlsx_as_commercial" time="0.101" /><testcase classname="backend.tests.test_iter5_validation_xlsx_signature.TestExportXlsx" name="test_export_xlsx_as_technician" time="0.520" /><testcase classname="backend.tests.test_iter5_validation_xlsx_signature.TestExportXlsx" name="test_export_xlsx_other_company_404" time="0.418" /><testcase classname="backend.tests.test_iter5_validation_xlsx_signature.TestExportXlsx" name="test_export_xlsx_nonexistent_404" time="0.134" /><testcase classname="backend.tests.test_iter5_validation_xlsx_signature.TestSignature" name="test_post_signature_persists" time="0.216" /><testcase classname="backend.tests.test_iter5_validation_xlsx_signature.TestSignature" name="test_post_empty_signature_400" time="0.101" /><testcase classname="backend.tests.test_iter5_validation_xlsx_signature.TestSignature" name="test_post_whitespace_signature_400" time="0.103" /><testcase classname="backend.tests.test_iter5_validation_xlsx_signature.TestSignature" name="test_post_signature_other_company_404" time="0.103" /><testcase classname="backend.tests.test_iter5_validation_xlsx_signature.TestSignature" name="test_post_signature_nonexistent_404" time="0.098" /><testcase classname="backend.tests.test_iter5_validation_xlsx_signature.TestSignature" name="test_delete_signature_clears" time="0.451" /><testcase classname="backend.tests.test_iter6_brique_parement_diagonals.TestWallTypeBriqueParement" name="test_brique_parement_accepted" time="1.001" /><testcase classname="backend.tests.test_iter6_brique_parement_diagonals.TestWallTypeBriqueParement" name="test_all_four_wall_types_accepted[ite]" time="0.100" /><testcase classname="backend.tests.test_iter6_brique_parement_diagonals.TestWallTypeBriqueParement" name="test_all_four_wall_types_accepted[iti]" time="0.103" /><testcase classname="backend.tests.test_iter6_brique_parement_diagonals.TestWallTypeBriqueParement" name="test_all_four_wall_types_accepted[crepi_simple]" time="0.106" /><testcase classname="backend.tests.test_iter6_brique_parement_diagonals.TestWallTypeBriqueParement" name="test_all_four_wall_types_accepted[brique_parement]" time="0.114" /><testcase classname="backend.tests.test_iter6_brique_parement_diagonals.TestWallTypeBriqueParement" name="test_invalid_wall_type_rejected[invalid_xxx]" time="0.105" /><testcase classname="backend.tests.test_iter6_brique_parement_diagonals.TestWallTypeBriqueParement" name="test_invalid_wall_type_rejected[BRIQUE_PAREMENT]" time="0.111" /><testcase classname="backend.tests.test_iter6_brique_parement_diagonals.TestWallTypeBriqueParement" name="test_invalid_wall_type_rejected[brique-parement]" time="0.100" /><testcase classname="backend.tests.test_iter6_brique_parement_diagonals.TestWallTypeBriqueParement" name="test_invalid_wall_type_rejected[brique parement]" time="0.102" /><testcase classname="backend.tests.test_iter6_brique_parement_diagonals.TestWallTypeBriqueParement" name="test_invalid_wall_type_rejected[brique]" time="0.116" /><testcase classname="backend.tests.test_iter6_brique_parement_diagonals.TestWallTypeBriqueParement" name="test_invalid_wall_type_rejected[parement]" time="0.120" /><testcase classname="backend.tests.test_iter6_brique_parement_diagonals.TestWallTypeBriqueParement" name="test_invalid_wall_type_rejected[foo]" time="0.112" /><testcase classname="backend.tests.test_iter6_brique_parement_diagonals.TestWallTypeBriqueParement" name="test_invalid_wall_type_rejected[]" time="0.103" /><testcase classname="backend.tests.test_iter6_brique_parement_diagonals.TestWallTypeBriqueParement" name="test_invalid_wall_type_rejected[ ]" time="0.100" /><testcase classname="backend.tests.test_iter6_brique_parement_diagonals.TestNewDiagonalFields" name="test_all_four_diagonal_fields_persisted" time="0.227" /><testcase classname="backend.tests.test_iter6_brique_parement_diagonals.TestNewDiagonalFields" name="test_legacy_bay_diagonal_still_accepted" time="0.100" /><testcase classname="backend.tests.test_iter6_brique_parement_diagonals.TestNewDiagonalFields" name="test_partial_new_diagonal_fields" time="0.100" /><testcase classname="backend.tests.test_iter6_brique_parement_diagonals.TestNewDiagonalFields" name="test_verified_flags_default_none_when_omitted" time="0.110" /><testcase classname="backend.tests.test_iter6_brique_parement_diagonals.TestExportsBriqueParement" name="test_export_xlsx_with_brique_parement" time="0.325" /><testcase classname="backend.tests.test_iter6_brique_parement_diagonals.TestExportsBriqueParement" name="test_export_pdf_with_brique_parement" time="0.334" /><testcase classname="backend.tests.test_mesures.TestMesures" name="test_unauth_create_mesure" time="0.104" /><testcase classname="backend.tests.test_mesures.TestMesures" name="test_standard_alerts" time="20.038" /><testcase classname="backend.tests.test_mesures.TestMesures" name="test_trapeze_slope_angle" time="0.107" /><testcase classname="backend.tests.test_mesures.TestMesures" name="test_list_mesures_includes_alerts" time="0.111" /><testcase classname="backend.tests.test_mesures.TestMesures" name="test_invalid_block_type" time="0.118" /><testcase classname="backend.tests.test_mesures.TestMesures" name="test_mesure_chantier_404" time="0.153" /><testcase classname="backend.tests.test_multitenant.TestRegisterCompany" name="test_register_persists_company_id" time="0.334" /><testcase classname="backend.tests.test_multitenant.TestRegisterCompany" name="test_me_returns_company_id" time="0.138" /><testcase classname="backend.tests.test_multitenant.TestRegisterCompany" name="test_default_admin_company_is_default" time="0.113" /><testcase classname="backend.tests.test_multitenant.TestChantierIsolation" name="test_seeded_chantiers_visible_to_default_admin" time="0.103" /><testcase classname="backend.tests.test_multitenant.TestChantierIsolation" name="test_acme_chantier_invisible_to_default_admin" time="0.976" /><testcase classname="backend.tests.test_multitenant.TestChantierIsolation" name="test_acme_user_sees_only_acme_chantiers" time="0.127" /><testcase classname="backend.tests.test_multitenant.TestChantierAssignment" name="test_patch_assigned_to_persists" time="0.738" /><testcase classname="backend.tests.test_multitenant.TestHorsEquerreTolerance" name="test_delta_3mm_no_alert" time="0.330" /><testcase classname="backend.tests.test_multitenant.TestHorsEquerreTolerance" name="test_delta_5mm_no_alert_at_boundary" time="0.353" /><testcase classname="backend.tests.test_multitenant.TestHorsEquerreTolerance" name="test_delta_10mm_alerts" time="0.316" /><testcase classname="backend.tests.test_multitenant.TestFeedbackDeleteAndIsolation" name="test_admin_delete_feedback" time="0.472" /><testcase classname="backend.tests.test_multitenant.TestFeedbackDeleteAndIsolation" name="test_tech_cannot_delete_feedback" time="0.332" /><testcase classname="backend.tests.test_multitenant.TestFeedbackDeleteAndIsolation" name="test_feedback_isolation_between_companies" time="0.463" /><testcase classname="backend.tests.test_multitenant.TestSearchRegexEscape" name="test_search_with_parentheses_no_500" time="0.737" /></testsuite></testsuites>