<?xml version="1.0" encoding="utf-8"?><testsuites name="pytest tests"><testsuite name="pytest" errors="0" failures="0" skipped="0" tests="17" time="5.774" timestamp="2026-05-16T22:57:12.816646+00:00" hostname="agent-env-c1ffddfa-709a-40ca-ba97-1da3706771c7"><testcase classname="backend.tests.test_iter5_validation_xlsx_signature.TestWallTypeValidation" name="test_valid_wall_types_accepted[ite]" time="1.390" /><testcase classname="backend.tests.test_iter5_validation_xlsx_signature.TestWallTypeValidation" name="test_valid_wall_types_accepted[iti]" time="0.207" /><testcase classname="backend.tests.test_iter5_validation_xlsx_signature.TestWallTypeValidation" name="test_valid_wall_types_accepted[crepi_simple]" time="0.170" /><testcase classname="backend.tests.test_iter5_validation_xlsx_signature.TestWallTypeValidation" name="test_invalid_wall_type_rejected_422" time="0.199" /><testcase classname="backend.tests.test_iter5_validation_xlsx_signature.TestWallTypeValidation" name="test_null_wall_type_allowed" time="0.168" /><testcase classname="backend.tests.test_iter5_validation_xlsx_signature.TestWallTypeValidation" name="test_explicit_null_wall_type_allowed" time="0.159" /><testcase classname="backend.tests.test_iter5_validation_xlsx_signature.TestExportXlsx" name="test_export_xlsx_as_admin" time="0.179" /><testcase classname="backend.tests.test_iter5_validation_xlsx_signature.TestExportXlsx" name="test_export_xlsx_as_commercial" time="0.177" /><testcase classname="backend.tests.test_iter5_validation_xlsx_signature.TestExportXlsx" name="test_export_xlsx_as_technician" time="0.615" /><testcase classname="backend.tests.test_iter5_validation_xlsx_signature.TestExportXlsx" name="test_export_xlsx_other_company_404" time="0.583" /><testcase classname="backend.tests.test_iter5_validation_xlsx_signature.TestExportXlsx" name="test_export_xlsx_nonexistent_404" time="0.175" /><testcase classname="backend.tests.test_iter5_validation_xlsx_signature.TestSignature" name="test_post_signature_persists" time="0.390" /><testcase classname="backend.tests.test_iter5_validation_xlsx_signature.TestSignature" name="test_post_empty_signature_400" time="0.165" /><testcase classname="backend.tests.test_iter5_validation_xlsx_signature.TestSignature" name="test_post_whitespace_signature_400" time="0.177" /><testcase classname="backend.tests.test_iter5_validation_xlsx_signature.TestSignature" name="test_post_signature_other_company_404" time="0.161" /><testcase classname="backend.tests.test_iter5_validation_xlsx_signature.TestSignature" name="test_post_signature_nonexistent_404" time="0.157" /><testcase classname="backend.tests.test_iter5_validation_xlsx_signature.TestSignature" name="test_delete_signature_clears" time="0.659" /></testsuite></testsuites>