<?xml version="1.0" encoding="utf-8"?><testsuites name="pytest tests"><testsuite name="pytest" errors="0" failures="0" skipped="0" tests="15" time="5.824" timestamp="2026-07-12T22:20:13.347174+00:00" hostname="agent-env-c1ffddfa-709a-40ca-ba97-1da3706771c7"><testcase classname="tests.test_iter31_auto_send.TestAutoSendStatus" name="test_status_requires_auth" time="0.514" /><testcase classname="tests.test_iter31_auto_send.TestAutoSendStatus" name="test_status_with_owner" time="0.499" /><testcase classname="tests.test_iter31_auto_send.TestAutoSendStatus" name="test_next_run_iso_is_valid_weekday_16h30_brussels" time="0.149" /><testcase classname="tests.test_iter31_auto_send.TestCampaignStats" name="test_stats_requires_auth" time="0.142" /><testcase classname="tests.test_iter31_auto_send.TestCampaignStats" name="test_stats_owner_returns_expected_counts" time="0.146" /><testcase classname="tests.test_iter31_auto_send.TestProspectsList" name="test_list_requires_auth" time="0.140" /><testcase classname="tests.test_iter31_auto_send.TestProspectsList" name="test_list_contains_new_imports" time="0.169" /><testcase classname="tests.test_iter31_auto_send.TestSendBatchStillWorks" name="test_send_batch_requires_auth" time="0.096" /><testcase classname="tests.test_iter31_auto_send.TestSendBatchStillWorks" name="test_send_batch_endpoint_exists" time="0.001" /><testcase classname="tests.test_iter31_auto_send.TestCountdownRegression" name="test_list_requires_auth" time="0.098" /><testcase classname="tests.test_iter31_auto_send.TestCountdownRegression" name="test_list_owner" time="0.106" /><testcase classname="tests.test_iter31_auto_send.TestCountdownRegression" name="test_visual_public_no_auth" time="0.115" /><testcase classname="tests.test_iter31_auto_send.TestCountdownRegression" name="test_visual_invalid_number" time="0.093" /><testcase classname="tests.test_iter31_auto_send.TestCountdownRegression" name="test_zip_requires_auth" time="0.101" /><testcase classname="tests.test_iter31_auto_send.TestCountdownRegression" name="test_zip_owner" time="0.184" /></testsuite></testsuites>