<?xml version="1.0" encoding="utf-8"?><testsuites name="pytest tests"><testsuite name="pytest" errors="0" failures="0" skipped="0" tests="43" time="11.517" timestamp="2026-05-16T21:14:15.144078+00:00" hostname="agent-env-c1ffddfa-709a-40ca-ba97-1da3706771c7"><testcase classname="backend.tests.test_auth.TestAuth" name="test_login_admin" time="0.410" /><testcase classname="backend.tests.test_auth.TestAuth" name="test_login_commercial" time="0.279" /><testcase classname="backend.tests.test_auth.TestAuth" name="test_login_technician" time="0.269" /><testcase classname="backend.tests.test_auth.TestAuth" name="test_login_bad_password" time="0.276" /><testcase classname="backend.tests.test_auth.TestAuth" name="test_me_with_valid_token" time="0.387" /><testcase classname="backend.tests.test_auth.TestAuth" name="test_me_missing_token" time="0.102" /><testcase classname="backend.tests.test_auth.TestAuth" name="test_me_invalid_token" time="0.103" /><testcase classname="backend.tests.test_auth.TestAuth" name="test_register_new_user_and_duplicate" time="0.335" /><testcase classname="backend.tests.test_chantiers.TestChantiers" name="test_list_unauth" time="0.102" /><testcase classname="backend.tests.test_chantiers.TestChantiers" name="test_list_all_returns_seed" time="0.113" /><testcase classname="backend.tests.test_chantiers.TestChantiers" name="test_filter_by_status" time="0.104" /><testcase classname="backend.tests.test_chantiers.TestChantiers" name="test_search_by_address_paris" time="0.117" /><testcase classname="backend.tests.test_chantiers.TestChantiers" name="test_create_get_patch_chantier" time="0.802" /><testcase classname="backend.tests.test_chantiers.TestChantiers" name="test_get_chantier_404" time="0.117" /><testcase classname="backend.tests.test_feedbacks_exports.TestFeedbacks" name="test_unauth_create_feedback" time="0.107" /><testcase classname="backend.tests.test_feedbacks_exports.TestFeedbacks" name="test_tech_create_feedback" time="0.368" /><testcase classname="backend.tests.test_feedbacks_exports.TestFeedbacks" name="test_tech_cannot_list_feedbacks" time="0.101" /><testcase classname="backend.tests.test_feedbacks_exports.TestFeedbacks" name="test_commercial_cannot_list_feedbacks" time="0.114" /><testcase classname="backend.tests.test_feedbacks_exports.TestFeedbacks" name="test_admin_list_feedbacks" time="0.102" /><testcase classname="backend.tests.test_feedbacks_exports.TestExports" name="test_export_pdf_unauth" time="0.535" /><testcase classname="backend.tests.test_feedbacks_exports.TestExports" name="test_export_pdf_success" time="0.109" /><testcase classname="backend.tests.test_feedbacks_exports.TestExports" name="test_export_pdf_404" time="0.105" /><testcase classname="backend.tests.test_feedbacks_exports.TestExports" name="test_export_json_success" time="0.186" /><testcase classname="backend.tests.test_mesures.TestMesures" name="test_unauth_create_mesure" time="0.096" /><testcase classname="backend.tests.test_mesures.TestMesures" name="test_standard_alerts" time="0.475" /><testcase classname="backend.tests.test_mesures.TestMesures" name="test_trapeze_slope_angle" time="0.102" /><testcase classname="backend.tests.test_mesures.TestMesures" name="test_list_mesures_includes_alerts" time="0.110" /><testcase classname="backend.tests.test_mesures.TestMesures" name="test_invalid_block_type" time="0.108" /><testcase classname="backend.tests.test_mesures.TestMesures" name="test_mesure_chantier_404" time="0.157" /><testcase classname="backend.tests.test_multitenant.TestRegisterCompany" name="test_register_persists_company_id" time="0.325" /><testcase classname="backend.tests.test_multitenant.TestRegisterCompany" name="test_me_returns_company_id" time="0.109" /><testcase classname="backend.tests.test_multitenant.TestRegisterCompany" name="test_default_admin_company_is_default" time="0.100" /><testcase classname="backend.tests.test_multitenant.TestChantierIsolation" name="test_seeded_chantiers_visible_to_default_admin" time="0.101" /><testcase classname="backend.tests.test_multitenant.TestChantierIsolation" name="test_acme_chantier_invisible_to_default_admin" time="0.638" /><testcase classname="backend.tests.test_multitenant.TestChantierIsolation" name="test_acme_user_sees_only_acme_chantiers" time="0.113" /><testcase classname="backend.tests.test_multitenant.TestChantierAssignment" name="test_patch_assigned_to_persists" time="0.533" /><testcase classname="backend.tests.test_multitenant.TestHorsEquerreTolerance" name="test_delta_3mm_no_alert" time="0.344" /><testcase classname="backend.tests.test_multitenant.TestHorsEquerreTolerance" name="test_delta_5mm_no_alert_at_boundary" time="0.313" /><testcase classname="backend.tests.test_multitenant.TestHorsEquerreTolerance" name="test_delta_10mm_alerts" time="0.323" /><testcase classname="backend.tests.test_multitenant.TestFeedbackDeleteAndIsolation" name="test_admin_delete_feedback" time="0.436" /><testcase classname="backend.tests.test_multitenant.TestFeedbackDeleteAndIsolation" name="test_tech_cannot_delete_feedback" time="0.332" /><testcase classname="backend.tests.test_multitenant.TestFeedbackDeleteAndIsolation" name="test_feedback_isolation_between_companies" time="0.780" /><testcase classname="backend.tests.test_multitenant.TestSearchRegexEscape" name="test_search_with_parentheses_no_500" time="0.739" /></testsuite></testsuites>