<?xml version="1.0" encoding="utf-8"?><testsuites name="pytest tests"><testsuite name="pytest" errors="0" failures="0" skipped="0" tests="17" time="2.820" timestamp="2026-07-09T20:48:11.329649+00:00" hostname="agent-env-c1ffddfa-709a-40ca-ba97-1da3706771c7"><testcase classname="tests.test_reactivation_seconde_chance.TestReactivationFlow" name="test_01_register_initial_account" time="0.479" /><testcase classname="tests.test_reactivation_seconde_chance.TestReactivationFlow" name="test_02_delete_account" time="0.226" /><testcase classname="tests.test_reactivation_seconde_chance.TestReactivationFlow" name="test_03_reregister_blocked_can_reactivate" time="0.002" /><testcase classname="tests.test_reactivation_seconde_chance.TestReactivationFlow" name="test_04_reactivation_request" time="0.250" /><testcase classname="tests.test_reactivation_seconde_chance.TestReactivationFlow" name="test_05_reregister_blocked_quota_exhausted" time="0.002" /><testcase classname="tests.test_reactivation_seconde_chance.TestReactivationFlow" name="test_06_reactivation_status" time="0.002" /><testcase classname="tests.test_reactivation_seconde_chance.TestReactivationFlow" name="test_07_status_unknown_email" time="0.002" /><testcase classname="tests.test_reactivation_seconde_chance.TestReactivationFlow" name="test_08_verify_reactivation_token" time="0.002" /><testcase classname="tests.test_reactivation_seconde_chance.TestReactivationFlow" name="test_09_verify_invalid_token" time="0.001" /><testcase classname="tests.test_reactivation_seconde_chance.TestReactivationFlow" name="test_10_confirm_reactivation" time="0.227" /><testcase classname="tests.test_reactivation_seconde_chance.TestReactivationFlow" name="test_11_confirm_replay_forbidden" time="0.002" /><testcase classname="tests.test_reactivation_seconde_chance.TestReactivationFlow" name="test_12_login_with_new_password" time="0.223" /><testcase classname="tests.test_reactivation_seconde_chance.TestReactivationFlow" name="test_13_login_with_old_password_fails" time="0.223" /><testcase classname="tests.test_reactivation_seconde_chance.TestAdminOverride" name="test_14_override_on_active_account_returns_404" time="0.227" /><testcase classname="tests.test_reactivation_seconde_chance.TestAdminOverride" name="test_15_redelete_and_override_ok" time="0.676" /><testcase classname="tests.test_reactivation_seconde_chance.TestAdminOverride" name="test_16_override_unknown_email" time="0.226" /><testcase classname="tests.test_reactivation_seconde_chance.TestAdminOverride" name="test_17_override_forbidden_for_regular_admin" time="0.009" /></testsuite></testsuites>