<?xml version="1.0" encoding="utf-8"?><testsuites name="pytest tests"><testsuite name="pytest" errors="0" failures="0" skipped="0" tests="20" time="7.257" timestamp="2026-05-16T21:40:01.051119+00:00" hostname="agent-env-c1ffddfa-709a-40ca-ba97-1da3706771c7"><testcase classname="backend.tests.test_iter3_roles_stats_push.TestChantierRoleRestrictions" name="test_post_chantier_admin_ok" time="0.794" /><testcase classname="backend.tests.test_iter3_roles_stats_push.TestChantierRoleRestrictions" name="test_post_chantier_commercial_ok" time="0.553" /><testcase classname="backend.tests.test_iter3_roles_stats_push.TestChantierRoleRestrictions" name="test_post_chantier_technician_forbidden" time="0.399" /><testcase classname="backend.tests.test_iter3_roles_stats_push.TestChantierRoleRestrictions" name="test_patch_chantier_admin_ok" time="0.344" /><testcase classname="backend.tests.test_iter3_roles_stats_push.TestChantierRoleRestrictions" name="test_patch_chantier_commercial_ok" time="0.353" /><testcase classname="backend.tests.test_iter3_roles_stats_push.TestChantierRoleRestrictions" name="test_patch_chantier_technician_forbidden" time="0.309" /><testcase classname="backend.tests.test_iter3_roles_stats_push.TestChantierRoleRestrictions" name="test_delete_chantier_commercial_forbidden" time="0.320" /><testcase classname="backend.tests.test_iter3_roles_stats_push.TestChantierRoleRestrictions" name="test_delete_chantier_technician_forbidden" time="0.303" /><testcase classname="backend.tests.test_iter3_roles_stats_push.TestChantierRoleRestrictions" name="test_delete_chantier_admin_ok" time="0.346" /><testcase classname="backend.tests.test_iter3_roles_stats_push.TestMesureAllRoles" name="test_mesure_admin" time="0.311" /><testcase classname="backend.tests.test_iter3_roles_stats_push.TestMesureAllRoles" name="test_mesure_commercial" time="0.310" /><testcase classname="backend.tests.test_iter3_roles_stats_push.TestMesureAllRoles" name="test_mesure_technician" time="0.322" /><testcase classname="backend.tests.test_iter3_roles_stats_push.TestPushToken" name="test_set_push_token" time="0.111" /><testcase classname="backend.tests.test_iter3_roles_stats_push.TestPushToken" name="test_clear_push_token_with_null" time="0.217" /><testcase classname="backend.tests.test_iter3_roles_stats_push.TestPushToken" name="test_me_endpoint_still_works_after_token_set" time="0.247" /><testcase classname="backend.tests.test_iter3_roles_stats_push.TestPatchAssignmentPushBestEffort" name="test_patch_assigned_to_no_token_no_error" time="0.513" /><testcase classname="backend.tests.test_iter3_roles_stats_push.TestStatsCompany" name="test_stats_admin_default_shape" time="0.100" /><testcase classname="backend.tests.test_iter3_roles_stats_push.TestStatsCompany" name="test_stats_commercial_forbidden" time="0.101" /><testcase classname="backend.tests.test_iter3_roles_stats_push.TestStatsCompany" name="test_stats_technician_forbidden" time="0.107" /><testcase classname="backend.tests.test_iter3_roles_stats_push.TestStatsCompany" name="test_stats_isolated_by_company" time="1.146" /></testsuite></testsuites>