<?xml version="1.0" encoding="utf-8"?><testsuites name="pytest tests"><testsuite name="pytest" errors="0" failures="0" skipped="0" tests="10" time="2.964" timestamp="2026-07-15T13:21:55.638974+00:00" hostname="agent-env-c1ffddfa-709a-40ca-ba97-1da3706771c7"><testcase classname="tests.test_vat_bypass_iter35.TestExemptSetContent" name="test_0a_admin_email_in_exempt" time="0.255" /><testcase classname="tests.test_vat_bypass_iter35.TestExemptSetContent" name="test_0b_applereview_email_in_exempt" time="0.000" /><testcase classname="tests.test_vat_bypass_iter35.TestExemptSetContent" name="test_0c_artisan_owner_email_in_exempt" time="0.000" /><testcase classname="tests.test_vat_bypass_iter35.TestBypassTechnicalAccounts" name="test_a1_artisan_owner_bypass" time="0.447" /><testcase classname="tests.test_vat_bypass_iter35.TestBypassTechnicalAccounts" name="test_a2_admin_mesurechassis_bypass" time="0.321" /><testcase classname="tests.test_vat_bypass_iter35.TestBypassTechnicalAccounts" name="test_a3_applereview_bypass" time="0.320" /><testcase classname="tests.test_vat_bypass_iter35.TestLockStillActiveForRealClient" name="test_b_full_flow" time="0.551" /><testcase classname="tests.test_vat_bypass_iter35.TestRegression" name="test_c1_backend_reachable" time="0.407" /><testcase classname="tests.test_vat_bypass_iter35.TestRegression" name="test_c2_artisan_login_token_ok" time="0.269" /><testcase classname="tests.test_vat_bypass_iter35.TestRegression" name="test_c3_company_profile_with_artisan_token" time="0.359" /></testsuite></testsuites>