<?xml version="1.0" encoding="utf-8"?><testsuites name="pytest tests"><testsuite name="pytest" errors="0" failures="0" skipped="0" tests="40" time="33.887" timestamp="2026-06-19T07:53:36.629238+00:00" hostname="agent-env-c1ffddfa-709a-40ca-ba97-1da3706771c7"><testcase classname="tests.test_referral_cousin_smoke" name="test_get_referral_me_returns_status_shape" time="0.481" /><testcase classname="tests.test_referral_cousin_smoke" name="test_post_referral_code_custom_valid" time="0.228" /><testcase classname="tests.test_referral_cousin_smoke" name="test_post_referral_code_too_short" time="0.226" /><testcase classname="tests.test_referral_cousin_smoke" name="test_post_referral_code_reserved_admin" time="0.226" /><testcase classname="tests.test_referral_cousin_smoke" name="test_post_referral_code_mc_prefix" time="0.226" /><testcase classname="tests.test_referral_cousin_smoke" name="test_post_referral_validate_valid_code" time="0.002" /><testcase classname="tests.test_referral_cousin_smoke" name="test_post_referral_validate_unknown_code" time="0.001" /><testcase classname="tests.test_referral_cousin_smoke" name="test_register_with_referral_code_links_referrer" time="0.437" /><testcase classname="tests.test_referral.TestReferralMe" name="test_admin_returns_code_and_stats" time="0.004" /><testcase classname="tests.test_referral.TestReferralMe" name="test_auto_generated_code_for_new_account" time="0.626" /><testcase classname="tests.test_referral.TestReferralMe" name="test_persistence_after_update" time="0.661" /><testcase classname="tests.test_referral.TestReferralCodeUpdate" name="test_valid_custom_code" time="0.627" /><testcase classname="tests.test_referral.TestReferralCodeUpdate" name="test_lowercase_normalized_to_upper" time="0.628" /><testcase classname="tests.test_referral.TestReferralCodeUpdate" name="test_invalid_format_special_chars[A!B@]" time="0.727" /><testcase classname="tests.test_referral.TestReferralCodeUpdate" name="test_invalid_format_special_chars[JEAN_MENU]" time="0.631" /><testcase classname="tests.test_referral.TestReferralCodeUpdate" name="test_invalid_format_special_chars[PASCAL/CO]" time="0.607" /><testcase classname="tests.test_referral.TestReferralCodeUpdate" name="test_invalid_format_special_chars[../etc]" time="0.714" /><testcase classname="tests.test_referral.TestReferralCodeUpdate" name="test_spaces_in_code_currently_normalized_to_hyphens" time="0.699" /><testcase classname="tests.test_referral.TestReferralCodeUpdate" name="test_too_short" time="0.742" /><testcase classname="tests.test_referral.TestReferralCodeUpdate" name="test_too_long" time="0.601" /><testcase classname="tests.test_referral.TestReferralCodeUpdate" name="test_reserved_words[ADMIN]" time="0.675" /><testcase classname="tests.test_referral.TestReferralCodeUpdate" name="test_reserved_words[MESURECHASSIS]" time="0.633" /><testcase classname="tests.test_referral.TestReferralCodeUpdate" name="test_reserved_words[DEMO]" time="0.603" /><testcase classname="tests.test_referral.TestReferralCodeUpdate" name="test_reserved_words[TEST]" time="0.629" /><testcase classname="tests.test_referral.TestReferralCodeUpdate" name="test_reserved_words[admin]" time="0.623" /><testcase classname="tests.test_referral.TestReferralCodeUpdate" name="test_reserved_words[DeMo]" time="0.621" /><testcase classname="tests.test_referral.TestReferralCodeUpdate" name="test_mc_prefix_reserved" time="0.627" /><testcase classname="tests.test_referral.TestReferralCodeUpdate" name="test_duplicate_code_409" time="1.293" /><testcase classname="tests.test_referral.TestReferralCodeUpdate" name="test_can_update_to_same_code_idempotent" time="0.608" /><testcase classname="tests.test_referral.TestReferralValidate" name="test_valid_existing_code" time="0.002" /><testcase classname="tests.test_referral.TestReferralValidate" name="test_unknown_code" time="0.002" /><testcase classname="tests.test_referral.TestReferralValidate" name="test_empty_code" time="0.001" /><testcase classname="tests.test_referral.TestReferralValidate" name="test_lowercase_resolves_to_upper" time="0.002" /><testcase classname="tests.test_referral.TestRegisterWithReferral" name="test_register_with_valid_code_links_parrain" time="0.419" /><testcase classname="tests.test_referral.TestRegisterWithReferral" name="test_register_with_invalid_code_still_succeeds" time="0.399" /><testcase classname="tests.test_referral.TestRegisterWithReferral" name="test_register_with_empty_referral_code_is_noop" time="0.391" /><testcase classname="tests.test_referral.TestAntiSelfReferral" name="test_link_refuses_self_referral" time="0.621" /><testcase classname="tests.test_referral.TestCreditParrain" name="test_idempotence_credit" time="0.400" /><testcase classname="tests.test_referral.TestCreditParrain" name="test_limit_10_filleuls" time="15.733" /><testcase classname="tests.test_referral.TestCreditParrain" name="test_credit_no_parrain_noop" time="0.460" /></testsuite></testsuites>