<?xml version="1.0" encoding="utf-8"?><testsuites name="pytest tests"><testsuite name="pytest" errors="0" failures="0" skipped="0" tests="11" time="2.285" timestamp="2026-07-09T08:22:02.641216+00:00" hostname="agent-env-c1ffddfa-709a-40ca-ba97-1da3706771c7"><testcase classname="tests.test_jeton_cafe_iter25" name="test_public_station_returns_active_info" time="0.440" /><testcase classname="tests.test_jeton_cafe_iter25" name="test_public_station_unknown_returns_404" time="0.100" /><testcase classname="tests.test_jeton_cafe_iter25" name="test_owner_list_stations" time="0.440" /><testcase classname="tests.test_jeton_cafe_iter25" name="test_owner_dashboard_6_months" time="0.368" /><testcase classname="tests.test_jeton_cafe_iter25" name="test_non_owner_cannot_list_stations" time="0.359" /><testcase classname="tests.test_jeton_cafe_iter25" name="test_non_owner_cannot_create_station" time="0.095" /><testcase classname="tests.test_jeton_cafe_iter25" name="test_non_owner_cannot_dashboard" time="0.098" /><testcase classname="tests.test_jeton_cafe_iter25" name="test_non_owner_cannot_relance" time="0.105" /><testcase classname="tests.test_jeton_cafe_iter25" name="test_cafe_me_returns_station_and_history" time="0.100" /><testcase classname="tests.test_jeton_cafe_iter25" name="test_cafe_earn_daily_limit_or_active_exists" time="0.100" /><testcase classname="tests.test_jeton_cafe_iter25" name="test_register_with_invalid_station_id_does_not_error" time="0.048" /></testsuite></testsuites>