<?xml version="1.0" encoding="utf-8"?><testsuites name="pytest tests"><testsuite name="pytest" errors="8" failures="16" skipped="0" tests="199" time="79.441" timestamp="2026-06-10T11:16:27.214888+00:00" hostname="agent-env-c1ffddfa-709a-40ca-ba97-1da3706771c7"><testcase classname="tests.test_auth.TestLogin" name="test_admin_login_ok" time="0.480" /><testcase classname="tests.test_auth.TestLogin" name="test_login_wrong_password" time="0.224" /><testcase classname="tests.test_auth.TestLogin" name="test_login_unknown_email" time="0.002" /><testcase classname="tests.test_auth.TestAuthMe" name="test_me_with_valid_token" time="0.002" /><testcase classname="tests.test_auth.TestAuthMe" name="test_me_without_token" time="0.002" /><testcase classname="tests.test_auth.TestAuthMe" name="test_me_with_garbage_token" time="0.001" /><testcase classname="tests.test_auth.TestRolePerProfile" name="test_commercial_role" time="0.226" /><testcase classname="tests.test_auth.TestRolePerProfile" name="test_tech_role" time="0.225" /><testcase classname="tests.test_chantiers.TestChantierCRUD" name="test_create_as_admin" time="0.003"><failure message="assert 400 == 200&#10; +  where 400 = &lt;Response [400 Bad Request]&gt;.status_code">E   assert 400 == 200
     +  where 400 = &lt;Response [400 Bad Request]&gt;.status_code</failure></testcase><testcase classname="tests.test_chantiers.TestChantierCRUD" name="test_create_as_commercial" time="0.004" /><testcase classname="tests.test_chantiers.TestChantierCRUD" name="test_create_as_tech_forbidden" time="0.002" /><testcase classname="tests.test_chantiers.TestChantierCRUD" name="test_list_filter_q" time="0.003" /><testcase classname="tests.test_chantiers.TestChantierCRUD" name="test_get_nonexistent_returns_404" time="0.002" /><testcase classname="tests.test_chantiers.TestPipelineTransitions" name="test_pipeline_full_advance" time="0.002"><failure message="assert 400 == 200&#10; +  where 400 = &lt;Response [400 Bad Request]&gt;.status_code">E   assert 400 == 200
     +  where 400 = &lt;Response [400 Bad Request]&gt;.status_code</failure></testcase><testcase classname="tests.test_chantiers.TestPipelineTransitions" name="test_invalid_status_returns_400" time="0.002"><failure message="KeyError: 'id'">E   KeyError: 'id'</failure></testcase><testcase classname="tests.test_coverage_boost.TestStatsCompany" name="test_stats_company_admin_ok" time="0.004" /><testcase classname="tests.test_coverage_boost.TestStatsCompany" name="test_stats_company_commercial_forbidden" time="0.002" /><testcase classname="tests.test_coverage_boost.TestStatsCompany" name="test_stats_company_tech_forbidden" time="0.002" /><testcase classname="tests.test_coverage_boost.TestStatsCommercials" name="test_stats_commercials_admin_ok" time="0.003" /><testcase classname="tests.test_coverage_boost.TestStatsCommercials" name="test_stats_commercials_forbidden_for_non_admin" time="0.003" /><testcase classname="tests.test_coverage_boost.TestStatsCommercials" name="test_stats_commercials_pdf_export" time="0.016" /><testcase classname="tests.test_coverage_boost.TestStatsCommercials" name="test_stats_commercials_pdf_forbidden_for_commercial" time="0.002" /><testcase classname="tests.test_coverage_boost.TestCompanyProfile" name="test_get_profile_any_authenticated_user" time="0.004" /><testcase classname="tests.test_coverage_boost.TestCompanyProfile" name="test_patch_profile_admin_only" time="0.008" /><testcase classname="tests.test_coverage_boost.TestPlatformSubscription" name="test_platform_endpoint_requires_token" time="0.001" /><testcase classname="tests.test_coverage_boost.TestPlatformSubscription" name="test_platform_endpoint_wrong_token" time="0.001" /><testcase classname="tests.test_coverage_boost.TestPlatformSubscription" name="test_platform_extend_days_with_correct_token" time="0.002" /><testcase classname="tests.test_coverage_boost.TestPlatformSubscription" name="test_platform_set_status_active" time="0.002" /><testcase classname="tests.test_coverage_boost.TestPlatformSubscription" name="test_platform_invalid_status" time="0.001" /><testcase classname="tests.test_coverage_boost.TestPlatformSubscription" name="test_platform_empty_payload" time="0.001" /><testcase classname="tests.test_coverage_boost.TestFeedbacks" name="test_create_and_list_feedback" time="0.241" /><testcase classname="tests.test_coverage_boost.TestFeedbacks" name="test_list_feedbacks_forbidden_for_non_admin" time="0.004" /><testcase classname="tests.test_coverage_boost.TestFeedbacks" name="test_delete_feedback_forbidden_for_non_admin" time="0.163" /><testcase classname="tests.test_coverage_boost.TestUserManagement" name="test_register_new_user" time="0.225" /><testcase classname="tests.test_coverage_boost.TestUserManagement" name="test_register_invalid_role" time="0.002" /><testcase classname="tests.test_coverage_boost.TestUserManagement" name="test_register_duplicate_email" time="0.226" /><testcase classname="tests.test_coverage_boost.TestUserManagement" name="test_list_users_visible_to_authenticated" time="0.007" /><testcase classname="tests.test_coverage_boost.TestUserManagement" name="test_set_push_token" time="0.002" /><testcase classname="tests.test_coverage_boost.TestUserManagement" name="test_set_push_token_null" time="0.002" /><testcase classname="tests.test_coverage_boost.TestMesuresEdgeCases" name="test_invalid_block_type_returns_400" time="0.004" /><testcase classname="tests.test_coverage_boost.TestMesuresEdgeCases" name="test_mesure_on_nonexistent_chantier_returns_404" time="0.002" /><testcase classname="tests.test_coverage_boost.TestMesuresEdgeCases" name="test_get_mesure_by_id" time="0.008" /><testcase classname="tests.test_coverage_boost.TestMesuresEdgeCases" name="test_get_mesure_nonexistent_returns_404" time="0.002" /><testcase classname="tests.test_coverage_boost.TestMesuresEdgeCases" name="test_list_mesures_for_chantier" time="0.010" /><testcase classname="tests.test_coverage_boost.TestMesuresEdgeCases" name="test_invalid_wall_type_returns_422" time="0.005" /><testcase classname="tests.test_coverage_boost.TestSignatures" name="test_save_and_delete_signature" time="0.008" /><testcase classname="tests.test_coverage_boost.TestSignatures" name="test_empty_signature_returns_400" time="0.005" /><testcase classname="tests.test_coverage_boost.TestSignatures" name="test_signature_on_nonexistent_chantier_returns_404" time="0.002" /><testcase classname="tests.test_exports.TestExportRBAC" name="test_commercial_pdf_ok" time="0.019" /><testcase classname="tests.test_exports.TestExportRBAC" name="test_commercial_json_forbidden" time="0.009" /><testcase classname="tests.test_exports.TestExportRBAC" name="test_commercial_csv_forbidden" time="0.008" /><testcase classname="tests.test_exports.TestExportRBAC" name="test_commercial_xlsx_forbidden" time="0.008" /><testcase classname="tests.test_exports.TestExportRBAC" name="test_tech_all_formats_ok" time="0.040" /><testcase classname="tests.test_exports.TestExportRBAC" name="test_admin_all_formats_ok" time="0.037" /><testcase classname="tests.test_exports.TestExportContent" name="test_json_schema_v2_full" time="0.009" /><testcase classname="tests.test_exports.TestExportContent" name="test_csv_has_new_columns" time="0.007" /><testcase classname="tests.test_exports.TestExportContent" name="test_pdf_is_valid" time="0.018" /><testcase classname="tests.test_exports.TestExportContent" name="test_xlsx_is_valid" time="0.020" /><testcase classname="tests.test_exports.TestExportFilenameUnicode" name="test_apostrophe_does_not_crash" time="0.029" /><testcase classname="tests.test_feedbacks_exports.TestFeedbacks" name="test_unauth_create_feedback" time="0.223" /><testcase classname="tests.test_feedbacks_exports.TestFeedbacks" name="test_tech_create_feedback" time="0.791" /><testcase classname="tests.test_feedbacks_exports.TestFeedbacks" name="test_tech_cannot_list_feedbacks" time="0.157" /><testcase classname="tests.test_feedbacks_exports.TestFeedbacks" name="test_commercial_cannot_list_feedbacks" time="0.377" /><testcase classname="tests.test_feedbacks_exports.TestFeedbacks" name="test_admin_list_feedbacks" time="0.443" /><testcase classname="tests.test_feedbacks_exports.TestExports" name="test_export_pdf_unauth" time="0.559" /><testcase classname="tests.test_feedbacks_exports.TestExports" name="test_export_pdf_success" time="0.172" /><testcase classname="tests.test_feedbacks_exports.TestExports" name="test_export_pdf_404" time="0.106" /><testcase classname="tests.test_feedbacks_exports.TestExports" name="test_export_json_success" time="0.536" /><testcase classname="tests.test_iter3_roles_stats_push.TestChantierRoleRestrictions" name="test_post_chantier_admin_ok" time="0.101"><failure message="AssertionError: {&quot;detail&quot;:&quot;En mode Entreprise, l'Admin doit assigner le chantier à un Commercial lors de la création (assigned_to obligatoire).&quot;}&#10;assert 400 == 200&#10; +  where 400 = &lt;Response [400]&gt;.status_code">E   AssertionError: {"detail":"En mode Entreprise, l'Admin doit assigner le chantier à un Commercial lors de la création (assigned_to obligatoire)."}
    assert 400 == 200
     +  where 400 = &lt;Response [400]&gt;.status_code</failure></testcase><testcase classname="tests.test_iter3_roles_stats_push.TestChantierRoleRestrictions" name="test_post_chantier_commercial_ok" time="0.232" /><testcase classname="tests.test_iter3_roles_stats_push.TestChantierRoleRestrictions" name="test_post_chantier_technician_forbidden" time="0.146" /><testcase classname="tests.test_iter3_roles_stats_push.TestChantierRoleRestrictions" name="test_patch_chantier_admin_ok" time="0.104"><error message="failed on setup with &quot;AssertionError: {&quot;detail&quot;:&quot;En mode Entreprise, l'Admin doit assigner le chantier à un Commercial lors de la création (assigned_to obligatoire).&quot;}&#10;assert 400 == 200&#10; +  where 400 = &lt;Response [400]&gt;.status_code&quot;">E   AssertionError: {"detail":"En mode Entreprise, l'Admin doit assigner le chantier à un Commercial lors de la création (assigned_to obligatoire)."}
    assert 400 == 200
     +  where 400 = &lt;Response [400]&gt;.status_code</error></testcase><testcase classname="tests.test_iter3_roles_stats_push.TestChantierRoleRestrictions" name="test_patch_chantier_commercial_ok" time="0.096"><error message="failed on setup with &quot;AssertionError: {&quot;detail&quot;:&quot;En mode Entreprise, l'Admin doit assigner le chantier à un Commercial lors de la création (assigned_to obligatoire).&quot;}&#10;assert 400 == 200&#10; +  where 400 = &lt;Response [400]&gt;.status_code&quot;">E   AssertionError: {"detail":"En mode Entreprise, l'Admin doit assigner le chantier à un Commercial lors de la création (assigned_to obligatoire)."}
    assert 400 == 200
     +  where 400 = &lt;Response [400]&gt;.status_code</error></testcase><testcase classname="tests.test_iter3_roles_stats_push.TestChantierRoleRestrictions" name="test_patch_chantier_technician_forbidden" time="0.123"><error message="failed on setup with &quot;AssertionError: {&quot;detail&quot;:&quot;En mode Entreprise, l'Admin doit assigner le chantier à un Commercial lors de la création (assigned_to obligatoire).&quot;}&#10;assert 400 == 200&#10; +  where 400 = &lt;Response [400]&gt;.status_code&quot;">E   AssertionError: {"detail":"En mode Entreprise, l'Admin doit assigner le chantier à un Commercial lors de la création (assigned_to obligatoire)."}
    assert 400 == 200
     +  where 400 = &lt;Response [400]&gt;.status_code</error></testcase><testcase classname="tests.test_iter3_roles_stats_push.TestChantierRoleRestrictions" name="test_delete_chantier_commercial_allowed" time="0.111"><error message="failed on setup with &quot;AssertionError: {&quot;detail&quot;:&quot;En mode Entreprise, l'Admin doit assigner le chantier à un Commercial lors de la création (assigned_to obligatoire).&quot;}&#10;assert 400 == 200&#10; +  where 400 = &lt;Response [400]&gt;.status_code&quot;">E   AssertionError: {"detail":"En mode Entreprise, l'Admin doit assigner le chantier à un Commercial lors de la création (assigned_to obligatoire)."}
    assert 400 == 200
     +  where 400 = &lt;Response [400]&gt;.status_code</error></testcase><testcase classname="tests.test_iter3_roles_stats_push.TestChantierRoleRestrictions" name="test_delete_chantier_technician_forbidden" time="0.109"><error message="failed on setup with &quot;AssertionError: {&quot;detail&quot;:&quot;En mode Entreprise, l'Admin doit assigner le chantier à un Commercial lors de la création (assigned_to obligatoire).&quot;}&#10;assert 400 == 200&#10; +  where 400 = &lt;Response [400]&gt;.status_code&quot;">E   AssertionError: {"detail":"En mode Entreprise, l'Admin doit assigner le chantier à un Commercial lors de la création (assigned_to obligatoire)."}
    assert 400 == 200
     +  where 400 = &lt;Response [400]&gt;.status_code</error></testcase><testcase classname="tests.test_iter3_roles_stats_push.TestChantierRoleRestrictions" name="test_delete_chantier_admin_ok" time="0.102"><failure message="KeyError: 'id'">E   KeyError: 'id'</failure></testcase><testcase classname="tests.test_iter3_roles_stats_push.TestMesureAllRoles" name="test_mesure_admin_forbidden_without_artisan_mode" time="0.110"><error message="failed on setup with &quot;KeyError: 'id'&quot;">E   KeyError: 'id'</error></testcase><testcase classname="tests.test_iter3_roles_stats_push.TestMesureAllRoles" name="test_mesure_commercial" time="0.106"><error message="failed on setup with &quot;KeyError: 'id'&quot;">E   KeyError: 'id'</error></testcase><testcase classname="tests.test_iter3_roles_stats_push.TestMesureAllRoles" name="test_mesure_technician" time="0.106"><error message="failed on setup with &quot;KeyError: 'id'&quot;">E   KeyError: 'id'</error></testcase><testcase classname="tests.test_iter3_roles_stats_push.TestPushToken" name="test_set_push_token" time="0.107" /><testcase classname="tests.test_iter3_roles_stats_push.TestPushToken" name="test_clear_push_token_with_null" time="0.249" /><testcase classname="tests.test_iter3_roles_stats_push.TestPushToken" name="test_me_endpoint_still_works_after_token_set" time="0.220" /><testcase classname="tests.test_iter3_roles_stats_push.TestPatchAssignmentPushBestEffort" name="test_patch_assigned_to_no_token_no_error" time="0.352"><failure message="KeyError: 'id'">E   KeyError: 'id'

During handling of the above exception, another exception occurred:
E   KeyError: 'id'</failure></testcase><testcase classname="tests.test_iter3_roles_stats_push.TestStatsCompany" name="test_stats_admin_default_shape" time="0.135" /><testcase classname="tests.test_iter3_roles_stats_push.TestStatsCompany" name="test_stats_commercial_forbidden" time="0.102" /><testcase classname="tests.test_iter3_roles_stats_push.TestStatsCompany" name="test_stats_technician_forbidden" time="0.139" /><testcase classname="tests.test_iter3_roles_stats_push.TestStatsCompany" name="test_stats_isolated_by_company" time="0.980"><failure message="KeyError: 'id'">E   KeyError: 'id'</failure></testcase><testcase classname="tests.test_iter4_new_mesure_fields.TestNewFieldsAcceptance" name="test_post_mesure_with_only_new_fields" time="0.763" /><testcase classname="tests.test_iter4_new_mesure_fields.TestNewFieldsAcceptance" name="test_post_mesure_legacy_only_still_works" time="0.103" /><testcase classname="tests.test_iter4_new_mesure_fields.TestNewFieldsAcceptance" name="test_post_mesure_mix_new_and_legacy" time="0.105" /><testcase classname="tests.test_iter4_new_mesure_fields.TestNewFieldsAcceptance" name="test_wall_type_valid_values[ite]" time="0.102" /><testcase classname="tests.test_iter4_new_mesure_fields.TestNewFieldsAcceptance" name="test_wall_type_valid_values[iti]" time="0.119" /><testcase classname="tests.test_iter4_new_mesure_fields.TestNewFieldsAcceptance" name="test_wall_type_valid_values[crepi_simple]" time="0.105" /><testcase classname="tests.test_iter4_new_mesure_fields.TestNewFieldsAcceptance" name="test_wall_type_arbitrary_string_rejected_iter5" time="0.100" /><testcase classname="tests.test_iter4_new_mesure_fields.TestNewFieldsAcceptance" name="test_technician_can_post_with_new_fields" time="0.125" /><testcase classname="tests.test_iter4_new_mesure_fields.TestRetrievalAndExports" name="test_list_mesures_returns_new_fields" time="0.114" /><testcase classname="tests.test_iter4_new_mesure_fields.TestRetrievalAndExports" name="test_export_pdf_200_with_new_fields" time="0.139" /><testcase classname="tests.test_iter4_new_mesure_fields.TestRetrievalAndExports" name="test_export_json_includes_new_fields" time="0.468" /><testcase classname="tests.test_iter5_validation_xlsx_signature.TestWallTypeValidation" name="test_valid_wall_types_accepted[ite]" time="0.896" /><testcase classname="tests.test_iter5_validation_xlsx_signature.TestWallTypeValidation" name="test_valid_wall_types_accepted[iti]" time="0.098" /><testcase classname="tests.test_iter5_validation_xlsx_signature.TestWallTypeValidation" name="test_valid_wall_types_accepted[crepi_simple]" time="0.112" /><testcase classname="tests.test_iter5_validation_xlsx_signature.TestWallTypeValidation" name="test_invalid_wall_type_rejected_422" time="0.161" /><testcase classname="tests.test_iter5_validation_xlsx_signature.TestWallTypeValidation" name="test_null_wall_type_allowed" time="0.103" /><testcase classname="tests.test_iter5_validation_xlsx_signature.TestWallTypeValidation" name="test_explicit_null_wall_type_allowed" time="0.112" /><testcase classname="tests.test_iter5_validation_xlsx_signature.TestExportXlsx" name="test_export_xlsx_as_admin" time="0.123" /><testcase classname="tests.test_iter5_validation_xlsx_signature.TestExportXlsx" name="test_export_xlsx_as_commercial_forbidden" time="0.110" /><testcase classname="tests.test_iter5_validation_xlsx_signature.TestExportXlsx" name="test_export_xlsx_as_technician" time="0.472" /><testcase classname="tests.test_iter5_validation_xlsx_signature.TestExportXlsx" name="test_export_xlsx_other_company_404" time="0.443" /><testcase classname="tests.test_iter5_validation_xlsx_signature.TestExportXlsx" name="test_export_xlsx_nonexistent_404" time="0.125" /><testcase classname="tests.test_iter5_validation_xlsx_signature.TestSignature" name="test_post_signature_persists" time="0.249" /><testcase classname="tests.test_iter5_validation_xlsx_signature.TestSignature" name="test_post_empty_signature_400" time="0.108" /><testcase classname="tests.test_iter5_validation_xlsx_signature.TestSignature" name="test_post_whitespace_signature_400" time="0.104" /><testcase classname="tests.test_iter5_validation_xlsx_signature.TestSignature" name="test_post_signature_other_company_404" time="0.107" /><testcase classname="tests.test_iter5_validation_xlsx_signature.TestSignature" name="test_post_signature_nonexistent_404" time="0.108" /><testcase classname="tests.test_iter5_validation_xlsx_signature.TestSignature" name="test_delete_signature_clears" time="0.452" /><testcase classname="tests.test_iter6_brique_parement_diagonals.TestWallTypeBriqueParement" name="test_brique_parement_accepted" time="0.955" /><testcase classname="tests.test_iter6_brique_parement_diagonals.TestWallTypeBriqueParement" name="test_all_four_wall_types_accepted[ite]" time="0.117" /><testcase classname="tests.test_iter6_brique_parement_diagonals.TestWallTypeBriqueParement" name="test_all_four_wall_types_accepted[iti]" time="0.111" /><testcase classname="tests.test_iter6_brique_parement_diagonals.TestWallTypeBriqueParement" name="test_all_four_wall_types_accepted[crepi_simple]" time="0.128" /><testcase classname="tests.test_iter6_brique_parement_diagonals.TestWallTypeBriqueParement" name="test_all_four_wall_types_accepted[brique_parement]" time="0.111" /><testcase classname="tests.test_iter6_brique_parement_diagonals.TestWallTypeBriqueParement" name="test_invalid_wall_type_rejected[invalid_xxx]" time="0.107" /><testcase classname="tests.test_iter6_brique_parement_diagonals.TestWallTypeBriqueParement" name="test_invalid_wall_type_rejected[BRIQUE_PAREMENT]" time="0.100" /><testcase classname="tests.test_iter6_brique_parement_diagonals.TestWallTypeBriqueParement" name="test_invalid_wall_type_rejected[brique-parement]" time="0.104" /><testcase classname="tests.test_iter6_brique_parement_diagonals.TestWallTypeBriqueParement" name="test_invalid_wall_type_rejected[brique parement]" time="0.101" /><testcase classname="tests.test_iter6_brique_parement_diagonals.TestWallTypeBriqueParement" name="test_invalid_wall_type_rejected[brique]" time="0.106" /><testcase classname="tests.test_iter6_brique_parement_diagonals.TestWallTypeBriqueParement" name="test_invalid_wall_type_rejected[parement]" time="0.127" /><testcase classname="tests.test_iter6_brique_parement_diagonals.TestWallTypeBriqueParement" name="test_invalid_wall_type_rejected[foo]" time="0.116" /><testcase classname="tests.test_iter6_brique_parement_diagonals.TestWallTypeBriqueParement" name="test_invalid_wall_type_rejected[]" time="0.111" /><testcase classname="tests.test_iter6_brique_parement_diagonals.TestWallTypeBriqueParement" name="test_invalid_wall_type_rejected[ ]" time="0.107" /><testcase classname="tests.test_iter6_brique_parement_diagonals.TestNewDiagonalFields" name="test_all_four_diagonal_fields_persisted" time="0.236" /><testcase classname="tests.test_iter6_brique_parement_diagonals.TestNewDiagonalFields" name="test_legacy_bay_diagonal_still_accepted" time="0.103" /><testcase classname="tests.test_iter6_brique_parement_diagonals.TestNewDiagonalFields" name="test_partial_new_diagonal_fields" time="0.106" /><testcase classname="tests.test_iter6_brique_parement_diagonals.TestNewDiagonalFields" name="test_verified_flags_default_none_when_omitted" time="0.111" /><testcase classname="tests.test_iter6_brique_parement_diagonals.TestExportsBriqueParement" name="test_export_xlsx_with_brique_parement" time="0.656" /><testcase classname="tests.test_iter6_brique_parement_diagonals.TestExportsBriqueParement" name="test_export_pdf_with_brique_parement" time="0.327" /><testcase classname="tests.test_mesures.TestMesureRBAC" name="test_admin_create_mesure_forbidden" time="0.009"><failure message="assert 200 == 403&#10; +  where 200 = &lt;Response [200 OK]&gt;.status_code">E   assert 200 == 403
     +  where 200 = &lt;Response [200 OK]&gt;.status_code</failure></testcase><testcase classname="tests.test_mesures.TestMesureRBAC" name="test_commercial_create_mesure_ok" time="0.007" /><testcase classname="tests.test_mesures.TestMesureRBAC" name="test_tech_create_mesure_ok" time="0.006" /><testcase classname="tests.test_mesures.TestMesureRBAC" name="test_admin_patch_mesure_forbidden" time="0.034"><failure message="assert 200 == 403&#10; +  where 200 = &lt;Response [200 OK]&gt;.status_code">E   assert 200 == 403
     +  where 200 = &lt;Response [200 OK]&gt;.status_code</failure></testcase><testcase classname="tests.test_mesures.TestMesureAlerts" name="test_faux_aplomb_alert" time="0.006" /><testcase classname="tests.test_mesures.TestMesureAlerts" name="test_hors_equerre_alert" time="0.006" /><testcase classname="tests.test_mesures.TestMesureAlerts" name="test_no_alert_clean_data" time="0.006" /><testcase classname="tests.test_multitenant.TestRegisterCompany" name="test_register_persists_company_id" time="0.326" /><testcase classname="tests.test_multitenant.TestRegisterCompany" name="test_me_returns_company_id" time="0.108" /><testcase classname="tests.test_multitenant.TestRegisterCompany" name="test_default_admin_company_is_default" time="0.097" /><testcase classname="tests.test_multitenant.TestChantierIsolation" name="test_seeded_chantiers_visible_to_default_admin" time="0.242" /><testcase classname="tests.test_multitenant.TestChantierIsolation" name="test_acme_chantier_invisible_to_default_admin" time="0.459"><failure message="AssertionError: {&quot;detail&quot;:&quot;En mode Entreprise, l'Admin doit assigner le chantier à un Commercial lors de la création (assigned_to obligatoire).&quot;}&#10;assert 400 == 200&#10; +  where 400 = &lt;Response [400]&gt;.status_code">E   AssertionError: {"detail":"En mode Entreprise, l'Admin doit assigner le chantier à un Commercial lors de la création (assigned_to obligatoire)."}
    assert 400 == 200
     +  where 400 = &lt;Response [400]&gt;.status_code</failure></testcase><testcase classname="tests.test_multitenant.TestChantierIsolation" name="test_acme_user_sees_only_acme_chantiers" time="0.104" /><testcase classname="tests.test_multitenant.TestChantierAssignment" name="test_patch_assigned_to_persists" time="0.547" /><testcase classname="tests.test_multitenant.TestHorsEquerreTolerance" name="test_delta_3mm_no_alert" time="0.338" /><testcase classname="tests.test_multitenant.TestHorsEquerreTolerance" name="test_delta_5mm_no_alert_at_boundary" time="0.314" /><testcase classname="tests.test_multitenant.TestHorsEquerreTolerance" name="test_delta_10mm_alerts" time="30.434" /><testcase classname="tests.test_multitenant.TestFeedbackDeleteAndIsolation" name="test_admin_delete_feedback" time="0.689" /><testcase classname="tests.test_multitenant.TestFeedbackDeleteAndIsolation" name="test_tech_cannot_delete_feedback" time="0.525" /><testcase classname="tests.test_multitenant.TestFeedbackDeleteAndIsolation" name="test_feedback_isolation_between_companies" time="0.635" /><testcase classname="tests.test_multitenant.TestSearchRegexEscape" name="test_search_with_parentheses_no_500" time="0.745" /><testcase classname="tests.test_referral.TestReferralMe" name="test_admin_returns_code_and_stats" time="0.004" /><testcase classname="tests.test_referral.TestReferralMe" name="test_auto_generated_code_for_new_account" time="0.620" /><testcase classname="tests.test_referral.TestReferralMe" name="test_persistence_after_update" time="0.679" /><testcase classname="tests.test_referral.TestReferralCodeUpdate" name="test_valid_custom_code" time="0.635" /><testcase classname="tests.test_referral.TestReferralCodeUpdate" name="test_lowercase_normalized_to_upper" time="0.623" /><testcase classname="tests.test_referral.TestReferralCodeUpdate" name="test_invalid_format_special_chars[A!B@]" time="0.655" /><testcase classname="tests.test_referral.TestReferralCodeUpdate" name="test_invalid_format_special_chars[JEAN_MENU]" time="0.867" /><testcase classname="tests.test_referral.TestReferralCodeUpdate" name="test_invalid_format_special_chars[PASCAL/CO]" time="0.877" /><testcase classname="tests.test_referral.TestReferralCodeUpdate" name="test_invalid_format_special_chars[../etc]" time="0.612" /><testcase classname="tests.test_referral.TestReferralCodeUpdate" name="test_spaces_in_code_currently_normalized_to_hyphens" time="0.630" /><testcase classname="tests.test_referral.TestReferralCodeUpdate" name="test_too_short" time="0.631" /><testcase classname="tests.test_referral.TestReferralCodeUpdate" name="test_too_long" time="0.652" /><testcase classname="tests.test_referral.TestReferralCodeUpdate" name="test_reserved_words[ADMIN]" time="0.616" /><testcase classname="tests.test_referral.TestReferralCodeUpdate" name="test_reserved_words[MESURECHASSIS]" time="0.658" /><testcase classname="tests.test_referral.TestReferralCodeUpdate" name="test_reserved_words[DEMO]" time="0.598" /><testcase classname="tests.test_referral.TestReferralCodeUpdate" name="test_reserved_words[TEST]" time="0.614" /><testcase classname="tests.test_referral.TestReferralCodeUpdate" name="test_reserved_words[admin]" time="0.702" /><testcase classname="tests.test_referral.TestReferralCodeUpdate" name="test_reserved_words[DeMo]" time="0.630" /><testcase classname="tests.test_referral.TestReferralCodeUpdate" name="test_mc_prefix_reserved" time="0.605" /><testcase classname="tests.test_referral.TestReferralCodeUpdate" name="test_duplicate_code_409" time="1.235" /><testcase classname="tests.test_referral.TestReferralCodeUpdate" name="test_can_update_to_same_code_idempotent" time="0.939" /><testcase classname="tests.test_referral.TestReferralValidate" name="test_valid_existing_code" time="0.002" /><testcase classname="tests.test_referral.TestReferralValidate" name="test_unknown_code" time="0.002" /><testcase classname="tests.test_referral.TestReferralValidate" name="test_empty_code" time="0.001" /><testcase classname="tests.test_referral.TestReferralValidate" name="test_lowercase_resolves_to_upper" time="0.002" /><testcase classname="tests.test_referral.TestRegisterWithReferral" name="test_register_with_valid_code_links_parrain" time="0.427" /><testcase classname="tests.test_referral.TestRegisterWithReferral" name="test_register_with_invalid_code_still_succeeds" time="0.417" /><testcase classname="tests.test_referral.TestRegisterWithReferral" name="test_register_with_empty_referral_code_is_noop" time="0.432" /><testcase classname="tests.test_referral.TestAntiSelfReferral" name="test_link_refuses_self_referral" time="0.689" /><testcase classname="tests.test_referral.TestCreditParrain" name="test_idempotence_credit" time="0.391" /><testcase classname="tests.test_referral.TestCreditParrain" name="test_limit_10_filleuls" time="5.170" /><testcase classname="tests.test_referral.TestCreditParrain" name="test_credit_no_parrain_noop" time="0.418" /><testcase classname="tests.test_verification.TestMasterAdminVerification" name="test_register_master_admin_pending" time="0.400"><failure message="AssertionError: assert 'active' == 'pending_verification'&#10;  &#10;  #x1B[0m#x1B[91m- pending_verification#x1B[39;49;00m#x1B[90m#x1B[39;49;00m&#10;  #x1B[92m+ active#x1B[39;49;00m#x1B[90m#x1B[39;49;00m">E   AssertionError: assert 'active' == 'pending_verification'
      
      #x1B[0m#x1B[91m- pending_verification#x1B[39;49;00m#x1B[90m#x1B[39;49;00m
      #x1B[92m+ active#x1B[39;49;00m#x1B[90m#x1B[39;49;00m</failure></testcase><testcase classname="tests.test_verification.TestMasterAdminVerification" name="test_login_pending_user_blocked" time="0.612"><failure message="assert 200 == 403&#10; +  where 200 = &lt;Response [200 OK]&gt;.status_code">E   assert 200 == 403
     +  where 200 = &lt;Response [200 OK]&gt;.status_code</failure></testcase><testcase classname="tests.test_verification.TestMasterAdminVerification" name="test_verify_then_login_ok" time="0.412"><failure message="KeyError: 'verification_link'">E   KeyError: 'verification_link'</failure></testcase><testcase classname="tests.test_verification.TestMasterAdminVerification" name="test_verify_invalid_token" time="0.002" /><testcase classname="tests.test_verification.TestMasterAdminVerification" name="test_resend_verification" time="0.413"><failure message="AssertionError: assert 'verification_link' in {'message': 'Si ce compte est en attente, un nouvel email a été envoyé.', 'ok': True}&#10; +  where {'message': 'Si ce compte est en attente, un nouvel email a été envoyé.', 'ok': True} = json()&#10; +    where json = &lt;Response [200 OK]&gt;.json">E   AssertionError: assert 'verification_link' in {'message': 'Si ce compte est en attente, un nouvel email a été envoyé.', 'ok': True}
     +  where {'message': 'Si ce compte est en attente, un nouvel email a été envoyé.', 'ok': True} = json()
     +    where json = &lt;Response [200 OK]&gt;.json</failure></testcase><testcase classname="tests.test_verification.TestInvitations" name="test_invite_requires_admin" time="0.003" /><testcase classname="tests.test_verification.TestInvitations" name="test_invite_invalid_role" time="0.002" /><testcase classname="tests.test_verification.TestInvitations" name="test_invite_and_accept_flow" time="0.003"><failure message="AssertionError: {&quot;detail&quot;:{&quot;code&quot;:&quot;EXTRA_SEAT_REQUIRED&quot;,&quot;message&quot;:&quot;Ce sera votre 12ème utilisateur. Les 2 premiers sièges (1 commercial + 1 technicien) sont inclus dans votre abonnement Entreprise. Au-delà, chaque utilisateur supplémentaire coûte 4.99 €/mois.&quot;,&quot;free_seats&quot;:2,&quot;seats_used&quot;:11,&quot;next_seat_index&quot;:12,&quot;extra_seats_total&quot;:10,&quot;seat_price_eur&quot;:4.99,&quot;extra_amount_eur&quot;:49.9}}&#10;assert 402 == 200&#10; +  where 402 = &lt;Response [402 Payment Required]&gt;.status_code">E   AssertionError: {"detail":{"code":"EXTRA_SEAT_REQUIRED","message":"Ce sera votre 12ème utilisateur. Les 2 premiers sièges (1 commercial + 1 technicien) sont inclus dans votre abonnement Entreprise. Au-delà, chaque utilisateur supplémentaire coûte 4.99 €/mois.","free_seats":2,"seats_used":11,"next_seat_index":12,"extra_seats_total":10,"seat_price_eur":4.99,"extra_amount_eur":49.9}}
    assert 402 == 200
     +  where 402 = &lt;Response [402 Payment Required]&gt;.status_code</failure></testcase><testcase classname="tests.test_verification.TestInvitations" name="test_invite_duplicate_email" time="0.003"><failure message="assert 402 == 200&#10; +  where 402 = &lt;Response [402 Payment Required]&gt;.status_code">E   assert 402 == 200
     +  where 402 = &lt;Response [402 Payment Required]&gt;.status_code</failure></testcase><testcase classname="tests.test_verification.TestStatusMiddleware" name="test_pending_user_cannot_access_api" time="0.231" /></testsuite></testsuites>