<?xml version="1.0" encoding="utf-8"?><testsuites name="pytest tests"><testsuite name="pytest" errors="0" failures="0" skipped="0" tests="24" time="16.877" timestamp="2026-06-19T09:25:54.858821+00:00" hostname="agent-env-c1ffddfa-709a-40ca-ba97-1da3706771c7"><testcase classname="tests.test_yann" name="test_quota_endpoint" time="0.766" /><testcase classname="tests.test_yann" name="test_chat_requires_auth" time="0.128" /><testcase classname="tests.test_yann" name="test_chat_empty_message_400" time="0.149" /><testcase classname="tests.test_yann" name="test_chat_long_message_400" time="0.125" /><testcase classname="tests.test_yann" name="test_chat_first_message_french" time="9.330" /><testcase classname="tests.test_yann" name="test_chat_followup_mentions_prices" time="4.446" /><testcase classname="tests.test_yann" name="test_conversation_persisted_mongo" time="0.002" /><testcase classname="tests.test_yann" name="test_quota_increments" time="0.098" /><testcase classname="tests.test_yann" name="test_history_for_own_session" time="0.099" /><testcase classname="tests.test_yann" name="test_history_cross_user_forbidden" time="0.096" /><testcase classname="tests.test_yann_paywall.TestIsYannAllowedUnit" name="test_beta_mode_always_allowed" time="0.000" /><testcase classname="tests.test_yann_paywall.TestIsYannAllowedUnit" name="test_trial_future_expiry_allowed" time="0.000" /><testcase classname="tests.test_yann_paywall.TestIsYannAllowedUnit" name="test_trial_expired_blocked" time="0.000" /><testcase classname="tests.test_yann_paywall.TestIsYannAllowedUnit" name="test_suspended_blocked_no_subscription" time="0.000" /><testcase classname="tests.test_yann_paywall.TestIsYannAllowedUnit" name="test_pro_plan_allowed" time="0.000" /><testcase classname="tests.test_yann_paywall.TestIsYannAllowedUnit" name="test_addon_allowed" time="0.000" /><testcase classname="tests.test_yann_paywall.TestIsYannAllowedUnit" name="test_low_plan_blocked" time="0.000" /><testcase classname="tests.test_yann_paywall.TestIsYannAllowedUnit" name="test_low_plan_no_company_doc_blocked" time="0.000" /><testcase classname="tests.test_yann_paywall" name="test_live_quota_returns_allowed_beta" time="0.450" /><testcase classname="tests.test_yann_paywall" name="test_paywall_blocks_suspended" time="0.231" /><testcase classname="tests.test_yann_paywall" name="test_paywall_allows_trial" time="0.229" /><testcase classname="tests.test_yann_paywall" name="test_paywall_allows_pro" time="0.228" /><testcase classname="tests.test_yann_paywall" name="test_paywall_allows_addon" time="0.228" /><testcase classname="tests.test_yann_paywall" name="test_paywall_blocks_plan_too_low" time="0.233" /></testsuite></testsuites>