<?xml version="1.0" encoding="utf-8"?><testsuites name="pytest tests"><testsuite name="pytest" errors="0" failures="0" skipped="0" tests="74" time="26.147" timestamp="2026-05-16T22:46:24.299767+00:00" hostname="agent-env-c1ffddfa-709a-40ca-ba97-1da3706771c7"><testcase classname="backend.tests.test_auth.TestAuth" name="test_login_admin" time="0.419" /><testcase classname="backend.tests.test_auth.TestAuth" name="test_login_commercial" time="0.294" /><testcase classname="backend.tests.test_auth.TestAuth" name="test_login_technician" time="0.296" /><testcase classname="backend.tests.test_auth.TestAuth" name="test_login_bad_password" time="0.293" /><testcase classname="backend.tests.test_auth.TestAuth" name="test_me_with_valid_token" time="0.454" /><testcase classname="backend.tests.test_auth.TestAuth" name="test_me_missing_token" time="0.154" /><testcase classname="backend.tests.test_auth.TestAuth" name="test_me_invalid_token" time="0.217" /><testcase classname="backend.tests.test_auth.TestAuth" name="test_register_new_user_and_duplicate" time="0.371" /><testcase classname="backend.tests.test_chantiers.TestChantiers" name="test_list_unauth" time="0.157" /><testcase classname="backend.tests.test_chantiers.TestChantiers" name="test_list_all_returns_seed" time="0.159" /><testcase classname="backend.tests.test_chantiers.TestChantiers" name="test_filter_by_status" time="0.167" /><testcase classname="backend.tests.test_chantiers.TestChantiers" name="test_search_by_address_paris" time="0.163" /><testcase classname="backend.tests.test_chantiers.TestChantiers" name="test_create_get_patch_chantier" time="1.139" /><testcase classname="backend.tests.test_chantiers.TestChantiers" name="test_get_chantier_404" time="0.171" /><testcase classname="backend.tests.test_feedbacks_exports.TestFeedbacks" name="test_unauth_create_feedback" time="0.154" /><testcase classname="backend.tests.test_feedbacks_exports.TestFeedbacks" name="test_tech_create_feedback" time="0.455" /><testcase classname="backend.tests.test_feedbacks_exports.TestFeedbacks" name="test_tech_cannot_list_feedbacks" time="0.181" /><testcase classname="backend.tests.test_feedbacks_exports.TestFeedbacks" name="test_commercial_cannot_list_feedbacks" time="0.166" /><testcase classname="backend.tests.test_feedbacks_exports.TestFeedbacks" name="test_admin_list_feedbacks" time="0.165" /><testcase classname="backend.tests.test_feedbacks_exports.TestExports" name="test_export_pdf_unauth" time="0.710" /><testcase classname="backend.tests.test_feedbacks_exports.TestExports" name="test_export_pdf_success" time="0.178" /><testcase classname="backend.tests.test_feedbacks_exports.TestExports" name="test_export_pdf_404" time="0.163" /><testcase classname="backend.tests.test_feedbacks_exports.TestExports" name="test_export_json_success" time="0.245" /><testcase classname="backend.tests.test_iter3_roles_stats_push.TestChantierRoleRestrictions" name="test_post_chantier_admin_ok" time="0.315" /><testcase classname="backend.tests.test_iter3_roles_stats_push.TestChantierRoleRestrictions" name="test_post_chantier_commercial_ok" time="0.359" /><testcase classname="backend.tests.test_iter3_roles_stats_push.TestChantierRoleRestrictions" name="test_post_chantier_technician_forbidden" time="0.165" /><testcase classname="backend.tests.test_iter3_roles_stats_push.TestChantierRoleRestrictions" name="test_patch_chantier_admin_ok" time="0.516" /><testcase classname="backend.tests.test_iter3_roles_stats_push.TestChantierRoleRestrictions" name="test_patch_chantier_commercial_ok" time="0.492" /><testcase classname="backend.tests.test_iter3_roles_stats_push.TestChantierRoleRestrictions" name="test_patch_chantier_technician_forbidden" time="0.483" /><testcase classname="backend.tests.test_iter3_roles_stats_push.TestChantierRoleRestrictions" name="test_delete_chantier_commercial_forbidden" time="0.483" /><testcase classname="backend.tests.test_iter3_roles_stats_push.TestChantierRoleRestrictions" name="test_delete_chantier_technician_forbidden" time="0.487" /><testcase classname="backend.tests.test_iter3_roles_stats_push.TestChantierRoleRestrictions" name="test_delete_chantier_admin_ok" time="0.510" /><testcase classname="backend.tests.test_iter3_roles_stats_push.TestMesureAllRoles" name="test_mesure_admin" time="0.481" /><testcase classname="backend.tests.test_iter3_roles_stats_push.TestMesureAllRoles" name="test_mesure_commercial" time="0.481" /><testcase classname="backend.tests.test_iter3_roles_stats_push.TestMesureAllRoles" name="test_mesure_technician" time="0.476" /><testcase classname="backend.tests.test_iter3_roles_stats_push.TestPushToken" name="test_set_push_token" time="0.173" /><testcase classname="backend.tests.test_iter3_roles_stats_push.TestPushToken" name="test_clear_push_token_with_null" time="0.318" /><testcase classname="backend.tests.test_iter3_roles_stats_push.TestPushToken" name="test_me_endpoint_still_works_after_token_set" time="0.360" /><testcase classname="backend.tests.test_iter3_roles_stats_push.TestPatchAssignmentPushBestEffort" name="test_patch_assigned_to_no_token_no_error" time="0.859" /><testcase classname="backend.tests.test_iter3_roles_stats_push.TestStatsCompany" name="test_stats_admin_default_shape" time="0.232" /><testcase classname="backend.tests.test_iter3_roles_stats_push.TestStatsCompany" name="test_stats_commercial_forbidden" time="0.158" /><testcase classname="backend.tests.test_iter3_roles_stats_push.TestStatsCompany" name="test_stats_technician_forbidden" time="0.164" /><testcase classname="backend.tests.test_iter3_roles_stats_push.TestStatsCompany" name="test_stats_isolated_by_company" time="1.653" /><testcase classname="backend.tests.test_iter4_new_mesure_fields.TestNewFieldsAcceptance" name="test_post_mesure_with_only_new_fields" time="0.912" /><testcase classname="backend.tests.test_iter4_new_mesure_fields.TestNewFieldsAcceptance" name="test_post_mesure_legacy_only_still_works" time="0.181" /><testcase classname="backend.tests.test_iter4_new_mesure_fields.TestNewFieldsAcceptance" name="test_post_mesure_mix_new_and_legacy" time="0.155" /><testcase classname="backend.tests.test_iter4_new_mesure_fields.TestNewFieldsAcceptance" name="test_wall_type_valid_values[ite]" time="0.169" /><testcase classname="backend.tests.test_iter4_new_mesure_fields.TestNewFieldsAcceptance" name="test_wall_type_valid_values[iti]" time="0.160" /><testcase classname="backend.tests.test_iter4_new_mesure_fields.TestNewFieldsAcceptance" name="test_wall_type_valid_values[crepi_simple]" time="0.162" /><testcase classname="backend.tests.test_iter4_new_mesure_fields.TestNewFieldsAcceptance" name="test_wall_type_arbitrary_string_accepted_no_enum_validation" time="0.174" /><testcase classname="backend.tests.test_iter4_new_mesure_fields.TestNewFieldsAcceptance" name="test_technician_can_post_with_new_fields" time="0.213" /><testcase classname="backend.tests.test_iter4_new_mesure_fields.TestRetrievalAndExports" name="test_list_mesures_returns_new_fields" time="0.167" /><testcase classname="backend.tests.test_iter4_new_mesure_fields.TestRetrievalAndExports" name="test_export_pdf_200_with_new_fields" time="0.181" /><testcase classname="backend.tests.test_iter4_new_mesure_fields.TestRetrievalAndExports" name="test_export_json_includes_new_fields" time="0.522" /><testcase classname="backend.tests.test_mesures.TestMesures" name="test_unauth_create_mesure" time="0.166" /><testcase classname="backend.tests.test_mesures.TestMesures" name="test_standard_alerts" time="0.600" /><testcase classname="backend.tests.test_mesures.TestMesures" name="test_trapeze_slope_angle" time="0.162" /><testcase classname="backend.tests.test_mesures.TestMesures" name="test_list_mesures_includes_alerts" time="0.156" /><testcase classname="backend.tests.test_mesures.TestMesures" name="test_invalid_block_type" time="0.163" /><testcase classname="backend.tests.test_mesures.TestMesures" name="test_mesure_chantier_404" time="0.239" /><testcase classname="backend.tests.test_multitenant.TestRegisterCompany" name="test_register_persists_company_id" time="0.409" /><testcase classname="backend.tests.test_multitenant.TestRegisterCompany" name="test_me_returns_company_id" time="0.100" /><testcase classname="backend.tests.test_multitenant.TestRegisterCompany" name="test_default_admin_company_is_default" time="0.106" /><testcase classname="backend.tests.test_multitenant.TestChantierIsolation" name="test_seeded_chantiers_visible_to_default_admin" time="0.097" /><testcase classname="backend.tests.test_multitenant.TestChantierIsolation" name="test_acme_chantier_invisible_to_default_admin" time="0.956" /><testcase classname="backend.tests.test_multitenant.TestChantierIsolation" name="test_acme_user_sees_only_acme_chantiers" time="0.103" /><testcase classname="backend.tests.test_multitenant.TestChantierAssignment" name="test_patch_assigned_to_persists" time="0.516" /><testcase classname="backend.tests.test_multitenant.TestHorsEquerreTolerance" name="test_delta_3mm_no_alert" time="0.394" /><testcase classname="backend.tests.test_multitenant.TestHorsEquerreTolerance" name="test_delta_5mm_no_alert_at_boundary" time="0.308" /><testcase classname="backend.tests.test_multitenant.TestHorsEquerreTolerance" name="test_delta_10mm_alerts" time="0.608" /><testcase classname="backend.tests.test_multitenant.TestFeedbackDeleteAndIsolation" name="test_admin_delete_feedback" time="0.411" /><testcase classname="backend.tests.test_multitenant.TestFeedbackDeleteAndIsolation" name="test_tech_cannot_delete_feedback" time="0.344" /><testcase classname="backend.tests.test_multitenant.TestFeedbackDeleteAndIsolation" name="test_feedback_isolation_between_companies" time="0.411" /><testcase classname="backend.tests.test_multitenant.TestSearchRegexEscape" name="test_search_with_parentheses_no_500" time="0.791" /></testsuite></testsuites>