<?xml version="1.0" encoding="utf-8"?><testsuites name="pytest tests"><testsuite name="pytest" errors="0" failures="1" skipped="0" tests="7" time="6.252" timestamp="2026-06-19T16:25:01.904525+00:00" hostname="agent-env-c1ffddfa-709a-40ca-ba97-1da3706771c7"><testcase classname="tests.test_apple_review" name="test_login_returns_200_with_jwt" time="0.722" /><testcase classname="tests.test_apple_review" name="test_company_profile_is_artisan" time="0.132" /><testcase classname="tests.test_apple_review" name="test_subscription_status_trial" time="0.106"><failure message="AssertionError: subscription_status MUST be 'trial' (Apple Review spec), got 'active'.&#10;assert 'active' == 'trial'&#10;  &#10;  #x1B[0m#x1B[91m- trial#x1B[39;49;00m#x1B[90m#x1B[39;49;00m&#10;  #x1B[92m+ active#x1B[39;49;00m#x1B[90m#x1B[39;49;00m">tests/test_apple_review.py:90: in test_subscription_status_trial
    assert data.get("subscription_status") == "trial", (
E   AssertionError: subscription_status MUST be 'trial' (Apple Review spec), got 'active'.
E   assert 'active' == 'trial'
E     
E     #x1B[0m#x1B[91m- trial#x1B[39;49;00m#x1B[90m#x1B[39;49;00m
E     #x1B[92m+ active#x1B[39;49;00m#x1B[90m#x1B[39;49;00m</failure></testcase><testcase classname="tests.test_apple_review" name="test_subscription_expires_in_future" time="0.107" /><testcase classname="tests.test_apple_review" name="test_user_role_admin" time="0.099" /><testcase classname="tests.test_apple_review" name="test_yann_quota_allowed" time="0.099" /><testcase classname="tests.test_apple_review" name="test_yann_chat_returns_reply" time="4.921" /></testsuite></testsuites>