<?xml version="1.0" encoding="utf-8"?><testsuites name="pytest tests"><testsuite name="pytest" errors="0" failures="0" skipped="0" tests="14" time="3.206" timestamp="2026-06-19T09:25:42.911929+00:00" hostname="agent-env-c1ffddfa-709a-40ca-ba97-1da3706771c7"><testcase classname="tests.test_yann_paywall.TestIsYannAllowedUnit" name="test_beta_mode_always_allowed" time="0.269" /><testcase classname="tests.test_yann_paywall.TestIsYannAllowedUnit" name="test_trial_future_expiry_allowed" time="0.001" /><testcase classname="tests.test_yann_paywall.TestIsYannAllowedUnit" name="test_trial_expired_blocked" time="0.001" /><testcase classname="tests.test_yann_paywall.TestIsYannAllowedUnit" name="test_suspended_blocked_no_subscription" time="0.001" /><testcase classname="tests.test_yann_paywall.TestIsYannAllowedUnit" name="test_pro_plan_allowed" time="0.000" /><testcase classname="tests.test_yann_paywall.TestIsYannAllowedUnit" name="test_addon_allowed" time="0.000" /><testcase classname="tests.test_yann_paywall.TestIsYannAllowedUnit" name="test_low_plan_blocked" time="0.000" /><testcase classname="tests.test_yann_paywall.TestIsYannAllowedUnit" name="test_low_plan_no_company_doc_blocked" time="0.000" /><testcase classname="tests.test_yann_paywall" name="test_live_quota_returns_allowed_beta" time="0.600" /><testcase classname="tests.test_yann_paywall" name="test_paywall_blocks_suspended" time="0.238" /><testcase classname="tests.test_yann_paywall" name="test_paywall_allows_trial" time="0.233" /><testcase classname="tests.test_yann_paywall" name="test_paywall_allows_pro" time="0.232" /><testcase classname="tests.test_yann_paywall" name="test_paywall_allows_addon" time="0.233" /><testcase classname="tests.test_yann_paywall" name="test_paywall_blocks_plan_too_low" time="0.243" /></testsuite></testsuites>