<?xml version="1.0" encoding="utf-8"?><testsuites name="pytest tests"><testsuite name="pytest" errors="0" failures="0" skipped="0" tests="12" time="8.033" timestamp="2026-06-22T09:22:04.812296+00:00" hostname="agent-env-c1ffddfa-709a-40ca-ba97-1da3706771c7"><testcase classname="tests.test_vat_validation" name="test_register_missing_vat_returns_400" time="0.461" /><testcase classname="tests.test_vat_validation" name="test_register_invalid_country_returns_400" time="0.043" /><testcase classname="tests.test_vat_validation" name="test_register_valid_be_vat_succeeds_and_persists" time="5.676" /><testcase classname="tests.test_vat_validation" name="test_register_be_bad_format_returns_400" time="0.049" /><testcase classname="tests.test_vat_validation" name="test_register_be_fake_vies_rejects" time="0.723" /><testcase classname="tests.test_vat_validation" name="test_register_apple_review_test_email_no_bypass" time="0.547" /><testcase classname="tests.test_vat_validation" name="test_register_apple_review_real_email_bypasses_vies" time="0.041" /><testcase classname="tests.test_vat_validation" name="test_register_fr_format_valid" time="0.452" /><testcase classname="tests.test_vat_validation" name="test_vies_fallback_on_exception" time="0.001" /><testcase classname="tests.test_vat_validation" name="test_vies_fallback_on_timeout" time="0.001" /><testcase classname="tests.test_vat_validation" name="test_format_normalize" time="0.000" /><testcase classname="tests.test_vat_validation" name="test_format_rejects_unknown_country" time="0.005" /></testsuite></testsuites>