<?xml version="1.0" encoding="utf-8"?><testsuites name="pytest tests"><testsuite name="pytest" errors="0" failures="0" skipped="0" tests="56" time="33.551" timestamp="2026-06-19T16:25:17.399414+00:00" hostname="agent-env-c1ffddfa-709a-40ca-ba97-1da3706771c7"><testcase classname="tests.test_yann" name="test_quota_endpoint" time="0.760" /><testcase classname="tests.test_yann" name="test_chat_requires_auth" time="0.142" /><testcase classname="tests.test_yann" name="test_chat_empty_message_400" time="0.113" /><testcase classname="tests.test_yann" name="test_chat_long_message_400" time="0.099" /><testcase classname="tests.test_yann" name="test_chat_first_message_french" time="2.654" /><testcase classname="tests.test_yann" name="test_chat_followup_mentions_prices" time="5.938" /><testcase classname="tests.test_yann" name="test_conversation_persisted_mongo" time="0.001" /><testcase classname="tests.test_yann" name="test_quota_increments" time="0.147" /><testcase classname="tests.test_yann" name="test_history_for_own_session" time="0.103" /><testcase classname="tests.test_yann" name="test_history_cross_user_forbidden" time="0.107" /><testcase classname="tests.test_yann_paywall.TestIsYannAllowedUnit" name="test_beta_mode_always_allowed" time="0.000" /><testcase classname="tests.test_yann_paywall.TestIsYannAllowedUnit" name="test_trial_future_expiry_allowed" time="0.000" /><testcase classname="tests.test_yann_paywall.TestIsYannAllowedUnit" name="test_trial_expired_blocked" time="0.000" /><testcase classname="tests.test_yann_paywall.TestIsYannAllowedUnit" name="test_suspended_blocked_no_subscription" time="0.000" /><testcase classname="tests.test_yann_paywall.TestIsYannAllowedUnit" name="test_pro_plan_allowed" time="0.000" /><testcase classname="tests.test_yann_paywall.TestIsYannAllowedUnit" name="test_addon_allowed" time="0.000" /><testcase classname="tests.test_yann_paywall.TestIsYannAllowedUnit" name="test_low_plan_blocked" time="0.000" /><testcase classname="tests.test_yann_paywall.TestIsYannAllowedUnit" name="test_low_plan_no_company_doc_blocked" time="0.000" /><testcase classname="tests.test_yann_paywall" name="test_live_quota_returns_allowed_beta" time="0.446" /><testcase classname="tests.test_yann_paywall" name="test_paywall_blocks_suspended" time="0.231" /><testcase classname="tests.test_yann_paywall" name="test_paywall_allows_trial" time="0.228" /><testcase classname="tests.test_yann_paywall" name="test_paywall_allows_pro" time="0.228" /><testcase classname="tests.test_yann_paywall" name="test_paywall_allows_addon" time="0.228" /><testcase classname="tests.test_yann_paywall" name="test_paywall_blocks_plan_too_low" time="0.229" /><testcase classname="tests.test_referral.TestReferralMe" name="test_admin_returns_code_and_stats" time="0.003" /><testcase classname="tests.test_referral.TestReferralMe" name="test_auto_generated_code_for_new_account" time="0.756" /><testcase classname="tests.test_referral.TestReferralMe" name="test_persistence_after_update" time="0.620" /><testcase classname="tests.test_referral.TestReferralCodeUpdate" name="test_valid_custom_code" time="0.650" /><testcase classname="tests.test_referral.TestReferralCodeUpdate" name="test_lowercase_normalized_to_upper" time="0.629" /><testcase classname="tests.test_referral.TestReferralCodeUpdate" name="test_invalid_format_special_chars[A!B@]" time="0.633" /><testcase classname="tests.test_referral.TestReferralCodeUpdate" name="test_invalid_format_special_chars[JEAN_MENU]" time="0.641" /><testcase classname="tests.test_referral.TestReferralCodeUpdate" name="test_invalid_format_special_chars[PASCAL/CO]" time="0.604" /><testcase classname="tests.test_referral.TestReferralCodeUpdate" name="test_invalid_format_special_chars[../etc]" time="0.612" /><testcase classname="tests.test_referral.TestReferralCodeUpdate" name="test_spaces_in_code_currently_normalized_to_hyphens" time="0.653" /><testcase classname="tests.test_referral.TestReferralCodeUpdate" name="test_too_short" time="0.689" /><testcase classname="tests.test_referral.TestReferralCodeUpdate" name="test_too_long" time="0.618" /><testcase classname="tests.test_referral.TestReferralCodeUpdate" name="test_reserved_words[ADMIN]" time="0.635" /><testcase classname="tests.test_referral.TestReferralCodeUpdate" name="test_reserved_words[MESURECHASSIS]" time="0.607" /><testcase classname="tests.test_referral.TestReferralCodeUpdate" name="test_reserved_words[DEMO]" time="0.604" /><testcase classname="tests.test_referral.TestReferralCodeUpdate" name="test_reserved_words[TEST]" time="0.889" /><testcase classname="tests.test_referral.TestReferralCodeUpdate" name="test_reserved_words[admin]" time="0.636" /><testcase classname="tests.test_referral.TestReferralCodeUpdate" name="test_reserved_words[DeMo]" time="0.629" /><testcase classname="tests.test_referral.TestReferralCodeUpdate" name="test_mc_prefix_reserved" time="0.624" /><testcase classname="tests.test_referral.TestReferralCodeUpdate" name="test_duplicate_code_409" time="1.237" /><testcase classname="tests.test_referral.TestReferralCodeUpdate" name="test_can_update_to_same_code_idempotent" time="0.611" /><testcase classname="tests.test_referral.TestReferralValidate" name="test_valid_existing_code" time="0.002" /><testcase classname="tests.test_referral.TestReferralValidate" name="test_unknown_code" time="0.002" /><testcase classname="tests.test_referral.TestReferralValidate" name="test_empty_code" time="0.001" /><testcase classname="tests.test_referral.TestReferralValidate" name="test_lowercase_resolves_to_upper" time="0.002" /><testcase classname="tests.test_referral.TestRegisterWithReferral" name="test_register_with_valid_code_links_parrain" time="0.387" /><testcase classname="tests.test_referral.TestRegisterWithReferral" name="test_register_with_invalid_code_still_succeeds" time="0.408" /><testcase classname="tests.test_referral.TestRegisterWithReferral" name="test_register_with_empty_referral_code_is_noop" time="0.372" /><testcase classname="tests.test_referral.TestAntiSelfReferral" name="test_link_refuses_self_referral" time="0.630" /><testcase classname="tests.test_referral.TestCreditParrain" name="test_idempotence_credit" time="0.403" /><testcase classname="tests.test_referral.TestCreditParrain" name="test_limit_10_filleuls" time="5.112" /><testcase classname="tests.test_referral.TestCreditParrain" name="test_credit_no_parrain_noop" time="0.925" /></testsuite></testsuites>