<?xml version="1.0" encoding="utf-8"?><testsuites name="pytest tests"><testsuite name="pytest" errors="0" failures="0" skipped="0" tests="7" time="5.430" timestamp="2026-06-24T06:56:22.639638+00:00" hostname="agent-env-c1ffddfa-709a-40ca-ba97-1da3706771c7"><testcase classname="tests.test_build_104_apple_review.TestLocalPasswordReset" name="test_login_with_new_password_returns_200" time="0.764" /><testcase classname="tests.test_build_104_apple_review.TestLocalPasswordReset" name="test_login_with_old_password_returns_401" time="0.363" /><testcase classname="tests.test_build_104_apple_review.TestLocalAppAccess" name="test_auth_me_returns_admin" time="0.420" /><testcase classname="tests.test_build_104_apple_review.TestLocalAppAccess" name="test_chantiers_list_has_demo_data" time="0.107" /><testcase classname="tests.test_build_104_apple_review.TestLocalAppAccess" name="test_users_list_admin_can_see" time="0.101" /><testcase classname="tests.test_build_104_apple_review.TestProductionPasswordReset" name="test_prod_login_with_new_password" time="0.435" /><testcase classname="tests.test_build_104_apple_review.TestProductionPasswordReset" name="test_prod_login_with_old_password_rejected" time="0.408" /></testsuite></testsuites>