<?xml version="1.0" encoding="utf-8"?><testsuites name="pytest tests"><testsuite name="pytest" errors="0" failures="0" skipped="0" tests="19" time="1.924" timestamp="2026-07-10T08:12:41.819421+00:00" hostname="agent-env-c1ffddfa-709a-40ca-ba97-1da3706771c7"><testcase classname="tests.test_double_phase_validation.TestValidationStatus" name="test_validation_status_admin" time="0.812" /><testcase classname="tests.test_double_phase_validation.TestValidationStatus" name="test_validation_status_requires_auth" time="0.044" /><testcase classname="tests.test_double_phase_validation.TestPendingValidation" name="test_pending_empty_or_baseline" time="0.051" /><testcase classname="tests.test_double_phase_validation.TestPendingValidation" name="test_pending_shows_inserted_worker" time="0.277" /><testcase classname="tests.test_double_phase_validation.TestPendingValidation" name="test_pending_requires_admin" time="0.044" /><testcase classname="tests.test_double_phase_validation.TestRequestValidation" name="test_admin_no_need" time="0.045" /><testcase classname="tests.test_double_phase_validation.TestValidateMember" name="test_approve_worker" time="0.258" /><testcase classname="tests.test_double_phase_validation.TestValidateMember" name="test_validate_not_found" time="0.046" /><testcase classname="tests.test_double_phase_validation.TestRejectMember" name="test_reject_worker" time="0.278" /><testcase classname="tests.test_double_phase_validation.TestUserCanAccess" name="test_phase1_all_pass" time="0.000" /><testcase classname="tests.test_double_phase_validation.TestUserCanAccess" name="test_phase2_admin_pass" time="0.000" /><testcase classname="tests.test_double_phase_validation.TestUserCanAccess" name="test_phase2_artisan_pass" time="0.000" /><testcase classname="tests.test_double_phase_validation.TestUserCanAccess" name="test_phase2_validated_pass" time="0.000" /><testcase classname="tests.test_double_phase_validation.TestUserCanAccess" name="test_phase2_unvalidated_technician_blocked" time="0.000" /><testcase classname="tests.test_double_phase_validation.TestUserCanAccess" name="test_phase2_rejected_blocked" time="0.000" /><testcase classname="tests.test_double_phase_validation.TestUserCanAccess" name="test_phase2_legacy_without_grace_blocked" time="0.000" /><testcase classname="tests.test_double_phase_validation.TestUserCanAccess" name="test_phase2_legacy_in_grace_pass" time="0.000" /><testcase classname="tests.test_double_phase_validation.TestRequireValidatedUserGuard" name="test_guard_raises_403_with_business_code" time="0.000" /><testcase classname="tests.test_double_phase_validation.TestMigrateLegacyIdempotent" name="test_migration_second_run_zero_modifs" time="0.015" /></testsuite></testsuites>