<?xml version="1.0" encoding="utf-8"?><testsuites name="pytest tests"><testsuite name="pytest" errors="0" failures="0" skipped="0" tests="32" time="22.606" timestamp="2026-06-10T11:15:58.331312+00:00" hostname="agent-env-c1ffddfa-709a-40ca-ba97-1da3706771c7"><testcase classname="tests.test_referral.TestReferralMe" name="test_admin_returns_code_and_stats" time="0.260" /><testcase classname="tests.test_referral.TestReferralMe" name="test_auto_generated_code_for_new_account" time="0.801" /><testcase classname="tests.test_referral.TestReferralMe" name="test_persistence_after_update" time="0.614" /><testcase classname="tests.test_referral.TestReferralCodeUpdate" name="test_valid_custom_code" time="0.657" /><testcase classname="tests.test_referral.TestReferralCodeUpdate" name="test_lowercase_normalized_to_upper" time="0.607" /><testcase classname="tests.test_referral.TestReferralCodeUpdate" name="test_invalid_format_special_chars[A!B@]" time="0.639" /><testcase classname="tests.test_referral.TestReferralCodeUpdate" name="test_invalid_format_special_chars[JEAN_MENU]" time="0.622" /><testcase classname="tests.test_referral.TestReferralCodeUpdate" name="test_invalid_format_special_chars[PASCAL/CO]" time="0.779" /><testcase classname="tests.test_referral.TestReferralCodeUpdate" name="test_invalid_format_special_chars[../etc]" time="0.618" /><testcase classname="tests.test_referral.TestReferralCodeUpdate" name="test_spaces_in_code_currently_normalized_to_hyphens" time="0.666" /><testcase classname="tests.test_referral.TestReferralCodeUpdate" name="test_too_short" time="0.605" /><testcase classname="tests.test_referral.TestReferralCodeUpdate" name="test_too_long" time="0.644" /><testcase classname="tests.test_referral.TestReferralCodeUpdate" name="test_reserved_words[ADMIN]" time="0.646" /><testcase classname="tests.test_referral.TestReferralCodeUpdate" name="test_reserved_words[MESURECHASSIS]" time="0.714" /><testcase classname="tests.test_referral.TestReferralCodeUpdate" name="test_reserved_words[DEMO]" time="0.622" /><testcase classname="tests.test_referral.TestReferralCodeUpdate" name="test_reserved_words[TEST]" time="0.686" /><testcase classname="tests.test_referral.TestReferralCodeUpdate" name="test_reserved_words[admin]" time="0.617" /><testcase classname="tests.test_referral.TestReferralCodeUpdate" name="test_reserved_words[DeMo]" time="0.837" /><testcase classname="tests.test_referral.TestReferralCodeUpdate" name="test_mc_prefix_reserved" time="0.705" /><testcase classname="tests.test_referral.TestReferralCodeUpdate" name="test_duplicate_code_409" time="1.273" /><testcase classname="tests.test_referral.TestReferralCodeUpdate" name="test_can_update_to_same_code_idempotent" time="0.615" /><testcase classname="tests.test_referral.TestReferralValidate" name="test_valid_existing_code" time="0.002" /><testcase classname="tests.test_referral.TestReferralValidate" name="test_unknown_code" time="0.002" /><testcase classname="tests.test_referral.TestReferralValidate" name="test_empty_code" time="0.001" /><testcase classname="tests.test_referral.TestReferralValidate" name="test_lowercase_resolves_to_upper" time="0.002" /><testcase classname="tests.test_referral.TestRegisterWithReferral" name="test_register_with_valid_code_links_parrain" time="0.451" /><testcase classname="tests.test_referral.TestRegisterWithReferral" name="test_register_with_invalid_code_still_succeeds" time="0.392" /><testcase classname="tests.test_referral.TestRegisterWithReferral" name="test_register_with_empty_referral_code_is_noop" time="0.391" /><testcase classname="tests.test_referral.TestAntiSelfReferral" name="test_link_refuses_self_referral" time="0.619" /><testcase classname="tests.test_referral.TestCreditParrain" name="test_idempotence_credit" time="0.552" /><testcase classname="tests.test_referral.TestCreditParrain" name="test_limit_10_filleuls" time="5.464" /><testcase classname="tests.test_referral.TestCreditParrain" name="test_credit_no_parrain_noop" time="0.446" /></testsuite></testsuites>