<?xml version="1.0" encoding="utf-8"?><testsuites name="pytest tests"><testsuite name="pytest" errors="0" failures="0" skipped="0" tests="7" time="1.644" timestamp="2026-06-29T17:43:47.503547+00:00" hostname="agent-env-39dd0203-9f1c-4eb5-961c-ea1dacc3bbbb"><testcase classname="backend.tests.test_post_fix_regression.TestAuth" name="test_login_admin_ok" time="0.643" /><testcase classname="backend.tests.test_post_fix_regression.TestProjects" name="test_list_projects_with_bearer" time="0.425" /><testcase classname="backend.tests.test_post_fix_regression.TestStats" name="test_stats_endpoint_ok" time="0.054" /><testcase classname="backend.tests.test_post_fix_regression.TestRepoHygiene" name="test_app_json_is_valid" time="0.000" /><testcase classname="backend.tests.test_post_fix_regression.TestRepoHygiene" name="test_opencv_framework_absent_from_repo" time="0.000" /><testcase classname="backend.tests.test_post_fix_regression.TestRepoHygiene" name="test_frontend_size_under_50mb" time="0.004" /><testcase classname="backend.tests.test_post_fix_regression.TestMetroBundle" name="test_metro_web_serves_200" time="0.449" /></testsuite></testsuites>