<?xml version="1.0" encoding="utf-8"?><testsuites name="pytest tests"><testsuite name="pytest" errors="0" failures="0" skipped="0" tests="12" time="1.513" timestamp="2026-07-12T22:03:13.984739+00:00" hostname="agent-env-c1ffddfa-709a-40ca-ba97-1da3706771c7"><testcase classname="tests.test_countdown_campaign.TestCountdownList" name="test_requires_auth_returns_401" time="0.425" /><testcase classname="tests.test_countdown_campaign.TestCountdownList" name="test_returns_full_campaign_payload" time="0.323" /><testcase classname="tests.test_countdown_campaign.TestCountdownList" name="test_days_structure_and_order" time="0.049" /><testcase classname="tests.test_countdown_campaign.TestCountdownList" name="test_today_day_consistency_with_status" time="0.060" /><testcase classname="tests.test_countdown_campaign.TestCountdownVisual" name="test_valid_n_15_returns_png" time="0.056" /><testcase classname="tests.test_countdown_campaign.TestCountdownVisual" name="test_boundary_n_0" time="0.048" /><testcase classname="tests.test_countdown_campaign.TestCountdownVisual" name="test_boundary_n_30" time="0.050" /><testcase classname="tests.test_countdown_campaign.TestCountdownVisual" name="test_invalid_n_99_returns_404" time="0.043" /><testcase classname="tests.test_countdown_campaign.TestCountdownVisual" name="test_public_no_auth_required" time="0.175" /><testcase classname="tests.test_countdown_campaign.TestCountdownZip" name="test_requires_auth_returns_401" time="0.042" /><testcase classname="tests.test_countdown_campaign.TestCountdownZip" name="test_returns_zip_with_auth" time="0.135" /><testcase classname="tests.test_countdown_campaign.TestCountdownZip" name="test_zip_contains_31_png_and_captions" time="0.060" /></testsuite></testsuites>