<?xml version="1.0" encoding="utf-8"?><testsuites name="pytest tests"><testsuite name="pytest" errors="0" failures="0" skipped="0" tests="6" time="0.808" timestamp="2026-06-29T15:26:41.572390+00:00" hostname="agent-env-39dd0203-9f1c-4eb5-961c-ea1dacc3bbbb"><testcase classname="backend.tests.test_app_json_regression.TestAppJson" name="test_app_json_is_valid_json" time="0.000" /><testcase classname="backend.tests.test_app_json_regression.TestAppJson" name="test_expo_name_is_mesure_escalier" time="0.000" /><testcase classname="backend.tests.test_app_json_regression.TestAppJson" name="test_vision_camera_plugin_present" time="0.000" /><testcase classname="backend.tests.test_app_json_regression.TestAppJson" name="test_ios_camera_usage_description_present" time="0.000" /><testcase classname="backend.tests.test_app_json_regression.TestBackendRegression" name="test_login_returns_token" time="0.590" /><testcase classname="backend.tests.test_app_json_regression.TestBackendRegression" name="test_get_projects_authenticated" time="0.151" /></testsuite></testsuites>