<?xml version="1.0" encoding="utf-8"?><testsuites name="pytest tests"><testsuite name="pytest" errors="0" failures="0" skipped="0" tests="7" time="2.666" timestamp="2026-06-24T17:16:30.138198+00:00" hostname="agent-env-c1ffddfa-709a-40ca-ba97-1da3706771c7"><testcase classname="tests.test_apple_review_iter20_followup.TestBackendLoginRegression" name="test_prod_login_returns_200" time="0.605" /><testcase classname="tests.test_apple_review_iter20_followup.TestBackendLoginRegression" name="test_local_login_returns_200" time="0.247" /><testcase classname="tests.test_apple_review_iter20_followup.TestBackendLoginRegression" name="test_public_url_login_returns_200" time="0.531" /><testcase classname="tests.test_apple_review_iter20_followup.TestBackendLoginRegression" name="test_prod_auth_me_admin" time="0.114" /><testcase classname="tests.test_apple_review_iter20_followup.TestBackendLoginRegression" name="test_prod_rejects_legacy_password_from_request" time="0.305" /><testcase classname="tests.test_apple_review_iter20_followup.TestRegistrationWebsiteUrl" name="test_new_url_is_reachable" time="0.487" /><testcase classname="tests.test_apple_review_iter20_followup.TestRegistrationWebsiteUrl" name="test_old_inscription_url_still_404" time="0.353" /></testsuite></testsuites>