<?xml version="1.0" encoding="utf-8"?><testsuites name="pytest tests"><testsuite name="pytest" errors="0" failures="0" skipped="0" tests="11" time="13.906" timestamp="2026-06-19T21:56:58.498782+00:00" hostname="agent-env-c1ffddfa-709a-40ca-ba97-1da3706771c7"><testcase classname="tests.test_spec_import.TestSpecImportExcel" name="test_import_excel_returns_pending_draft" time="8.344" /><testcase classname="tests.test_spec_import.TestSpecImportExcel" name="test_items_extracted_correctly" time="0.001" /><testcase classname="tests.test_spec_import.TestSpecImportErrors" name="test_empty_file_returns_400" time="0.172" /><testcase classname="tests.test_spec_import.TestSpecImportErrors" name="test_unsupported_format_returns_400" time="0.108" /><testcase classname="tests.test_spec_import.TestSpecImportErrors" name="test_no_auth_returns_401" time="0.109" /><testcase classname="tests.test_spec_import.TestSpecImportErrors" name="test_unknown_chantier_returns_404" time="0.114" /><testcase classname="tests.test_spec_import.TestSpecDraftsList" name="test_list_drafts" time="0.149" /><testcase classname="tests.test_spec_import.TestSpecDraftsList" name="test_get_draft_detail" time="0.135" /><testcase classname="tests.test_spec_import.TestSpecConfirm" name="test_confirm_creates_mesures" time="0.569" /><testcase classname="tests.test_spec_import.TestSpecConfirm" name="test_confirm_already_imported_returns_400" time="0.097" /><testcase classname="tests.test_spec_import.TestSpecReject" name="test_reject_draft" time="2.681" /></testsuite></testsuites>