<?xml version="1.0" encoding="utf-8"?><testsuites name="pytest tests"><testsuite name="pytest" errors="0" failures="0" skipped="0" tests="10" time="12.634" timestamp="2026-06-19T08:42:18.593806+00:00" hostname="agent-env-c1ffddfa-709a-40ca-ba97-1da3706771c7"><testcase classname="tests.test_yann" name="test_quota_endpoint" time="0.734" /><testcase classname="tests.test_yann" name="test_chat_requires_auth" time="0.094" /><testcase classname="tests.test_yann" name="test_chat_empty_message_400" time="0.147" /><testcase classname="tests.test_yann" name="test_chat_long_message_400" time="0.124" /><testcase classname="tests.test_yann" name="test_chat_first_message_french" time="5.145" /><testcase classname="tests.test_yann" name="test_chat_followup_mentions_prices" time="5.989" /><testcase classname="tests.test_yann" name="test_conversation_persisted_mongo" time="0.002" /><testcase classname="tests.test_yann" name="test_quota_increments" time="0.114" /><testcase classname="tests.test_yann" name="test_history_for_own_session" time="0.097" /><testcase classname="tests.test_yann" name="test_history_cross_user_forbidden" time="0.150" /></testsuite></testsuites>