<?xml version="1.0" encoding="utf-8"?><testsuites name="pytest tests"><testsuite name="pytest" errors="0" failures="0" skipped="0" tests="18" time="7.023" timestamp="2026-07-23T09:29:38.178322+00:00" hostname="agent-env-c1ffddfa-709a-40ca-ba97-1da3706771c7"><testcase classname="tests.test_business_id_fallback_v114.TestValidateBusinessIdPublic" name="test_missing_payload_400" time="0.470" /><testcase classname="tests.test_business_id_fallback_v114.TestValidateBusinessIdPublic" name="test_missing_id_value_400" time="0.047" /><testcase classname="tests.test_business_id_fallback_v114.TestValidateBusinessIdPublic" name="test_missing_id_type_400" time="0.047" /><testcase classname="tests.test_business_id_fallback_v114.TestValidateBusinessIdPublic" name="test_unknown_type" time="0.041" /><testcase classname="tests.test_business_id_fallback_v114.TestValidateBusinessIdPublic" name="test_siren_valid_airbus" time="0.042" /><testcase classname="tests.test_business_id_fallback_v114.TestValidateBusinessIdPublic" name="test_siren_invalid_luhn" time="0.042" /><testcase classname="tests.test_business_id_fallback_v114.TestValidateBusinessIdPublic" name="test_siren_too_short" time="0.042" /><testcase classname="tests.test_business_id_fallback_v114.TestValidateBusinessIdPublic" name="test_siret_valid_google_fr" time="0.046" /><testcase classname="tests.test_business_id_fallback_v114.TestValidateBusinessIdPublic" name="test_siret_la_poste_variant" time="0.040" /><testcase classname="tests.test_business_id_fallback_v114.TestValidateBusinessIdPublic" name="test_siret_invalid" time="0.044" /><testcase classname="tests.test_business_id_fallback_v114.TestValidateBusinessIdPublic" name="test_bce_valid_no_spaces" time="0.057" /><testcase classname="tests.test_business_id_fallback_v114.TestValidateBusinessIdPublic" name="test_bce_valid_with_dashes" time="0.043" /><testcase classname="tests.test_business_id_fallback_v114.TestValidateBusinessIdPublic" name="test_bce_bad_key" time="0.043" /><testcase classname="tests.test_business_id_fallback_v114.TestValidateBusinessIdPublic" name="test_bce_wrong_leading_digit" time="0.040" /><testcase classname="tests.test_business_id_fallback_v114.TestCompleteSignupFallback" name="test_full_flow_siret" time="0.547" /><testcase classname="tests.test_business_id_fallback_v114.TestCompleteSignupVatRegression" name="test_vat_mode_still_works" time="1.342" /><testcase classname="tests.test_business_id_fallback_v114.TestValidateVatRegression" name="test_validate_vat_be_valid" time="3.940" /><testcase classname="tests.test_business_id_fallback_v114.TestValidateVatRegression" name="test_validate_vat_missing_400" time="0.049" /></testsuite></testsuites>