<?xml version="1.0" encoding="utf-8"?><testsuites name="pytest tests"><testsuite name="pytest" errors="0" failures="0" skipped="0" tests="7" time="3.041" timestamp="2026-06-19T08:21:24.795912+00:00" hostname="agent-env-c1ffddfa-709a-40ca-ba97-1da3706771c7"><testcase classname="tests.test_smoke_frontend_nonregression" name="test_login_cousin_admin_returns_jwt" time="0.487" /><testcase classname="tests.test_smoke_frontend_nonregression" name="test_login_wrong_password_returns_401" time="0.225" /><testcase classname="tests.test_smoke_frontend_nonregression" name="test_auth_me_returns_user" time="0.229" /><testcase classname="tests.test_smoke_frontend_nonregression" name="test_company_profile_artisan_mode_true" time="0.229" /><testcase classname="tests.test_smoke_frontend_nonregression" name="test_stripe_subscription_status" time="0.228" /><testcase classname="tests.test_smoke_frontend_nonregression" name="test_referral_me_returns_code" time="0.230" /><testcase classname="tests.test_smoke_frontend_nonregression" name="test_chantiers_list_ok" time="0.235" /></testsuite></testsuites>