<?xml version="1.0" encoding="utf-8"?><testsuites name="pytest tests"><testsuite name="pytest" errors="0" failures="0" skipped="0" tests="14" time="9.929" timestamp="2026-06-22T21:26:44.209900+00:00" hostname="agent-env-c1ffddfa-709a-40ca-ba97-1da3706771c7"><testcase classname="tests.test_chunked_spec_import.TestChunkedInit" name="test_init_happy_path" time="1.117" /><testcase classname="tests.test_chunked_spec_import.TestChunkedInit" name="test_init_invalid_size_zero" time="0.118" /><testcase classname="tests.test_chunked_spec_import.TestChunkedInit" name="test_init_size_too_big_returns_413" time="0.106" /><testcase classname="tests.test_chunked_spec_import.TestChunkedInit" name="test_init_too_many_chunks_returns_400" time="0.100" /><testcase classname="tests.test_chunked_spec_import.TestChunkedInit" name="test_init_zero_chunks_returns_400" time="0.146" /><testcase classname="tests.test_chunked_spec_import.TestChunkedInit" name="test_init_unsupported_extension_returns_400" time="0.117" /><testcase classname="tests.test_chunked_spec_import.TestChunkedChunk" name="test_chunk_unknown_upload_id_returns_404" time="0.108" /><testcase classname="tests.test_chunked_spec_import.TestChunkedChunk" name="test_chunk_out_of_bounds_returns_400" time="0.494" /><testcase classname="tests.test_chunked_spec_import.TestChunkedChunk" name="test_chunk_idempotent_overwrite" time="0.453" /><testcase classname="tests.test_chunked_spec_import.TestChunkedComplete" name="test_full_flow_init_chunk_complete" time="4.065" /><testcase classname="tests.test_chunked_spec_import.TestChunkedComplete" name="test_complete_missing_chunks_returns_400" time="0.451" /><testcase classname="tests.test_chunked_spec_import.TestChunkedAbort" name="test_abort_marks_session_aborted" time="0.267" /><testcase classname="tests.test_chunked_spec_import.TestExpandItemsForMesures" name="test_expand_sets_bay_width_height_and_validated_false" time="0.000" /><testcase classname="tests.test_chunked_spec_import.TestRegressionClassicImport" name="test_classic_import_still_works_with_small_excel" time="2.340" /></testsuite></testsuites>