<?xml version="1.0" encoding="utf-8"?><testsuites name="pytest tests"><testsuite name="pytest" errors="0" failures="0" skipped="0" tests="11" time="3.362" timestamp="2026-05-16T22:46:17.013043+00:00" hostname="agent-env-c1ffddfa-709a-40ca-ba97-1da3706771c7"><testcase classname="backend.tests.test_iter4_new_mesure_fields.TestNewFieldsAcceptance" name="test_post_mesure_with_only_new_fields" time="1.056" /><testcase classname="backend.tests.test_iter4_new_mesure_fields.TestNewFieldsAcceptance" name="test_post_mesure_legacy_only_still_works" time="0.161" /><testcase classname="backend.tests.test_iter4_new_mesure_fields.TestNewFieldsAcceptance" name="test_post_mesure_mix_new_and_legacy" time="0.198" /><testcase classname="backend.tests.test_iter4_new_mesure_fields.TestNewFieldsAcceptance" name="test_wall_type_valid_values[ite]" time="0.173" /><testcase classname="backend.tests.test_iter4_new_mesure_fields.TestNewFieldsAcceptance" name="test_wall_type_valid_values[iti]" time="0.211" /><testcase classname="backend.tests.test_iter4_new_mesure_fields.TestNewFieldsAcceptance" name="test_wall_type_valid_values[crepi_simple]" time="0.178" /><testcase classname="backend.tests.test_iter4_new_mesure_fields.TestNewFieldsAcceptance" name="test_wall_type_arbitrary_string_accepted_no_enum_validation" time="0.218" /><testcase classname="backend.tests.test_iter4_new_mesure_fields.TestNewFieldsAcceptance" name="test_technician_can_post_with_new_fields" time="0.195" /><testcase classname="backend.tests.test_iter4_new_mesure_fields.TestRetrievalAndExports" name="test_list_mesures_returns_new_fields" time="0.208" /><testcase classname="backend.tests.test_iter4_new_mesure_fields.TestRetrievalAndExports" name="test_export_pdf_200_with_new_fields" time="0.180" /><testcase classname="backend.tests.test_iter4_new_mesure_fields.TestRetrievalAndExports" name="test_export_json_includes_new_fields" time="0.544" /></testsuite></testsuites>