<?xml version="1.0" encoding="utf-8"?><testsuites name="pytest tests"><testsuite name="pytest" errors="0" failures="0" skipped="0" tests="12" time="4.545" timestamp="2026-07-12T22:54:38.264585+00:00" hostname="agent-env-c1ffddfa-709a-40ca-ba97-1da3706771c7"><testcase classname="tests.test_iter32_google_auth.TestGoogleSessionErrorPaths" name="test_missing_body_returns_422" time="0.509" /><testcase classname="tests.test_iter32_google_auth.TestGoogleSessionErrorPaths" name="test_missing_session_id_field_returns_422" time="0.043" /><testcase classname="tests.test_iter32_google_auth.TestGoogleSessionErrorPaths" name="test_empty_string_session_id_returns_400" time="0.047" /><testcase classname="tests.test_iter32_google_auth.TestGoogleSessionErrorPaths" name="test_whitespace_only_session_id_returns_400" time="0.043" /><testcase classname="tests.test_iter32_google_auth.TestGoogleSessionErrorPaths" name="test_invalid_random_session_id_returns_401" time="0.155" /><testcase classname="tests.test_iter32_google_auth.TestGoogleSessionErrorPaths" name="test_extra_fields_are_silently_ignored" time="0.109" /><testcase classname="tests.test_iter32_google_auth.TestGoogleSessionErrorPaths" name="test_station_id_accepts_optional_string" time="0.120" /><testcase classname="tests.test_iter32_google_auth.TestGoogleSessionErrorPaths" name="test_station_id_type_validation" time="0.053" /><testcase classname="tests.test_iter32_google_auth.TestRegressionAfterGoogleAuthAdd" name="test_login_owner_success" time="0.273" /><testcase classname="tests.test_iter32_google_auth.TestRegressionAfterGoogleAuthAdd" name="test_auth_me" time="0.316" /><testcase classname="tests.test_iter32_google_auth.TestRegressionAfterGoogleAuthAdd" name="test_campaign_auto_send_status_owner" time="0.051" /><testcase classname="tests.test_iter32_google_auth.TestRegressionAfterGoogleAuthAdd" name="test_downloads_site_v2_4tiers" time="0.137" /></testsuite></testsuites>