<?xml version="1.0" encoding="utf-8"?><testsuites name="pytest tests"><testsuite name="pytest" errors="0" failures="1" skipped="0" tests="27" time="74.216" timestamp="2026-05-22T16:16:50.730817+00:00" hostname="agent-env-39dd0203-9f1c-4eb5-961c-ea1dacc3bbbb"><testcase classname="backend.tests.test_mesure_escalier.TestAuth" name="test_demo_logins_ok" time="1.206" /><testcase classname="backend.tests.test_mesure_escalier.TestAuth" name="test_login_bad_credentials" time="0.353" /><testcase classname="backend.tests.test_mesure_escalier.TestAuth" name="test_me_returns_user" time="1.166" /><testcase classname="backend.tests.test_mesure_escalier.TestAuth" name="test_me_no_token_401" time="0.141" /><testcase classname="backend.tests.test_mesure_escalier.TestAuth" name="test_register_creates_admin" time="0.357" /><testcase classname="backend.tests.test_mesure_escalier.TestUsersRBAC" name="test_admin_list_users" time="0.121" /><testcase classname="backend.tests.test_mesure_escalier.TestUsersRBAC" name="test_commercial_cannot_list_users" time="0.126" /><testcase classname="backend.tests.test_mesure_escalier.TestUsersRBAC" name="test_admin_invite_and_delete" time="0.504" /><testcase classname="backend.tests.test_mesure_escalier.TestUsersRBAC" name="test_technicien_cannot_invite" time="0.124" /><testcase classname="backend.tests.test_mesure_escalier.TestProjects" name="test_technicien_cannot_create_project" time="0.144" /><testcase classname="backend.tests.test_mesure_escalier.TestProjects" name="test_commercial_creates_and_lists_own" time="0.365" /><testcase classname="backend.tests.test_mesure_escalier.TestProjects" name="test_admin_sees_all_projects" time="0.360" /><testcase classname="backend.tests.test_mesure_escalier.TestProjects" name="test_technicien_does_not_see_unassigned" time="0.386" /><testcase classname="backend.tests.test_mesure_escalier.TestProjects" name="test_transmit_locks_and_status_a_mesurer" time="0.499" /><testcase classname="backend.tests.test_mesure_escalier.TestProjects" name="test_commercial_cannot_edit_after_transmit" time="0.503" /><testcase classname="backend.tests.test_mesure_escalier.TestProjects" name="test_technicien_cannot_edit_client_info" time="0.435" /><testcase classname="backend.tests.test_mesure_escalier.TestProjects" name="test_commercial_cannot_delete_locked" time="0.510" /><testcase classname="backend.tests.test_mesure_escalier.TestProjects" name="test_admin_can_delete_locked" time="54.455" /><testcase classname="backend.tests.test_mesure_escalier.TestMeasurement" name="test_commercial_cannot_save_measurement" time="7.669" /><testcase classname="backend.tests.test_mesure_escalier.TestMeasurement" name="test_preview_returns_blondel" time="0.401" /><testcase classname="backend.tests.test_mesure_escalier.TestMeasurement" name="test_save_and_validate_measurement" time="0.996" /><testcase classname="backend.tests.test_mesure_escalier.TestMeasurement" name="test_blondel_invalid_hauteur" time="0.495" /><testcase classname="backend.tests.test_mesure_escalier.TestMeasurement" name="test_blondel_large_reculement_is_droit" time="0.374" /><testcase classname="backend.tests.test_mesure_escalier.TestMeasurement" name="test_blondel_small_reculement_quart_tournant" time="0.377" /><testcase classname="backend.tests.test_mesure_escalier.TestExportsAndIntegration" name="test_export_pdf" time="0.687"><failure message="assert 500 == 200&#10; +  where 500 = &lt;Response [500]&gt;.status_code">backend/tests/test_mesure_escalier.py:308: in test_export_pdf
    assert r.status_code == 200
E   assert 500 == 200
E    +  where 500 = &lt;Response [500]&gt;.status_code</failure></testcase><testcase classname="backend.tests.test_mesure_escalier.TestExportsAndIntegration" name="test_export_dxf" time="0.710" /><testcase classname="backend.tests.test_mesure_escalier.TestExportsAndIntegration" name="test_integration_endpoint" time="0.618" /></testsuite></testsuites>