<?xml version="1.0" encoding="utf-8"?><testsuites name="pytest tests"><testsuite name="pytest" errors="0" failures="0" skipped="0" tests="25" time="11.670" timestamp="2026-05-22T16:48:55.614884+00:00" hostname="agent-env-39dd0203-9f1c-4eb5-961c-ea1dacc3bbbb"><testcase classname="backend.tests.test_mesure_escalier.TestAuthAndSeed" name="test_admin_seed_role_and_solo" time="0.571" /><testcase classname="backend.tests.test_mesure_escalier.TestAuthAndSeed" name="test_artisan_seed_role_and_solo" time="0.363" /><testcase classname="backend.tests.test_mesure_escalier.TestAuthAndSeed" name="test_technicien_seed_role" time="0.376" /><testcase classname="backend.tests.test_mesure_escalier.TestAuthAndSeed" name="test_register_defaults_solo_mode_false" time="0.422" /><testcase classname="backend.tests.test_mesure_escalier.TestAuthAndSeed" name="test_me_contains_new_fields" time="1.290" /><testcase classname="backend.tests.test_mesure_escalier.TestProfileUpdate" name="test_admin_updates_full_name_and_company" time="0.436" /><testcase classname="backend.tests.test_mesure_escalier.TestProfileUpdate" name="test_technicien_solo_mode_update_forbidden" time="0.138" /><testcase classname="backend.tests.test_mesure_escalier.TestProfileUpdate" name="test_admin_solo_mode_toggle" time="0.238" /><testcase classname="backend.tests.test_mesure_escalier.TestUsersInvite" name="test_invite_technicien_ok" time="0.477" /><testcase classname="backend.tests.test_mesure_escalier.TestUsersInvite" name="test_invite_commercial_rejected_422" time="0.145" /><testcase classname="backend.tests.test_mesure_escalier.TestUsersInvite" name="test_technicien_cannot_list_users" time="0.160" /><testcase classname="backend.tests.test_mesure_escalier.TestProjectsRBAC" name="test_technicien_cannot_create_project" time="0.146" /><testcase classname="backend.tests.test_mesure_escalier.TestProjectsRBAC" name="test_admin_create_brouillon_not_locked" time="0.500" /><testcase classname="backend.tests.test_mesure_escalier.TestProjectsRBAC" name="test_artisan_create_auto_locks_and_assigns_self" time="0.459" /><testcase classname="backend.tests.test_mesure_escalier.TestProjectsRBAC" name="test_admin_can_edit_unlocked" time="0.386" /><testcase classname="backend.tests.test_mesure_escalier.TestProjectsRBAC" name="test_technicien_cannot_edit_project" time="0.514" /><testcase classname="backend.tests.test_mesure_escalier.TestProjectsRBAC" name="test_technicien_cannot_delete" time="0.423" /><testcase classname="backend.tests.test_mesure_escalier.TestProjectsRBAC" name="test_admin_sees_all_technicien_sees_assigned_or_unassigned" time="0.656" /><testcase classname="backend.tests.test_mesure_escalier.TestMeasurement" name="test_admin_no_solo_cannot_measure" time="0.397" /><testcase classname="backend.tests.test_mesure_escalier.TestMeasurement" name="test_admin_no_solo_cannot_validate" time="0.668" /><testcase classname="backend.tests.test_mesure_escalier.TestMeasurement" name="test_technicien_can_measure_transmitted" time="0.956" /><testcase classname="backend.tests.test_mesure_escalier.TestMeasurement" name="test_artisan_solo_mode_full_flow" time="0.677" /><testcase classname="backend.tests.test_mesure_escalier.TestMeasurement" name="test_artisan_solo_can_measure_brouillon_via_toggle" time="0.880" /><testcase classname="backend.tests.test_mesure_escalier.TestStats" name="test_admin_stats_has_team_size" time="0.146" /><testcase classname="backend.tests.test_mesure_escalier.TestStats" name="test_technicien_stats_team_size_null" time="0.132" /></testsuite></testsuites>