<?xml version="1.0" encoding="utf-8"?><testsuites name="pytest tests"><testsuite name="pytest" errors="0" failures="0" skipped="0" tests="53" time="9.212" timestamp="2026-06-29T15:09:53.435595+00:00" hostname="agent-env-39dd0203-9f1c-4eb5-961c-ea1dacc3bbbb"><testcase classname="backend.tests.test_engine_regression" name="test_standard_n_steps_15" time="0.000" /><testcase classname="backend.tests.test_engine_regression" name="test_standard_h_180" time="0.000" /><testcase classname="backend.tests.test_engine_regression" name="test_standard_giron_dans_blondel" time="0.000" /><testcase classname="backend.tests.test_engine_regression" name="test_standard_blondel_valide" time="0.000" /><testcase classname="backend.tests.test_engine_regression" name="test_standard_limon_coherent" time="0.000" /><testcase classname="backend.tests.test_engine_regression" name="test_standard_echappee_presente" time="0.000" /><testcase classname="backend.tests.test_engine_regression" name="test_standard_shape_renvoyee" time="0.000" /><testcase classname="backend.tests.test_engine_regression" name="test_standard_notes_liste" time="0.000" /><testcase classname="backend.tests.test_engine_regression" name="test_hauteur_effective_sans_sols_finis" time="0.000" /><testcase classname="backend.tests.test_engine_regression" name="test_petit_h_1800" time="0.000" /><testcase classname="backend.tests.test_engine_regression" name="test_grande_h_3200" time="0.000" /><testcase classname="backend.tests.test_engine_regression" name="test_echappee_critique_si_tremie_courte" time="0.000" /><testcase classname="backend.tests.test_engine_regression" name="test_contrat_champ[n_steps]" time="0.000" /><testcase classname="backend.tests.test_engine_regression" name="test_contrat_champ[h]" time="0.000" /><testcase classname="backend.tests.test_engine_regression" name="test_contrat_champ[g]" time="0.000" /><testcase classname="backend.tests.test_engine_regression" name="test_contrat_champ[blondel_value]" time="0.000" /><testcase classname="backend.tests.test_engine_regression" name="test_contrat_champ[valid_blondel]" time="0.000" /><testcase classname="backend.tests.test_engine_regression" name="test_contrat_champ[true_height]" time="0.000" /><testcase classname="backend.tests.test_engine_regression" name="test_contrat_champ[reculement_needed]" time="0.000" /><testcase classname="backend.tests.test_engine_regression" name="test_contrat_champ[slope_angle]" time="0.000" /><testcase classname="backend.tests.test_engine_regression" name="test_contrat_champ[shape]" time="0.000" /><testcase classname="backend.tests.test_engine_regression" name="test_contrat_champ[limon_length]" time="0.000" /><testcase classname="backend.tests.test_engine_regression" name="test_n_steps_entier_positif" time="0.000" /><testcase classname="backend.tests.test_engine_regression" name="test_angle_pente_realiste" time="0.000" /><testcase classname="backend.tests.test_mesure_escalier.TestAuthAndSeed" name="test_admin_seed_role_and_solo" time="0.464" /><testcase classname="backend.tests.test_mesure_escalier.TestAuthAndSeed" name="test_artisan_seed_role_and_solo" time="0.432" /><testcase classname="backend.tests.test_mesure_escalier.TestAuthAndSeed" name="test_technicien_seed_role" time="0.317" /><testcase classname="backend.tests.test_mesure_escalier.TestAuthAndSeed" name="test_register_defaults_solo_mode_false" time="0.378" /><testcase classname="backend.tests.test_mesure_escalier.TestAuthAndSeed" name="test_me_contains_new_fields" time="1.351" /><testcase classname="backend.tests.test_mesure_escalier.TestProfileUpdate" name="test_admin_updates_full_name_and_company" time="0.407" /><testcase classname="backend.tests.test_mesure_escalier.TestProfileUpdate" name="test_technicien_solo_mode_update_forbidden" time="0.110" /><testcase classname="backend.tests.test_mesure_escalier.TestProfileUpdate" name="test_admin_solo_mode_toggle" time="0.423" /><testcase classname="backend.tests.test_mesure_escalier.TestUsersInvite" name="test_invite_technicien_ok" time="0.432" /><testcase classname="backend.tests.test_mesure_escalier.TestUsersInvite" name="test_invite_commercial_rejected_422" time="0.119" /><testcase classname="backend.tests.test_mesure_escalier.TestUsersInvite" name="test_technicien_cannot_list_users" time="0.099" /><testcase classname="backend.tests.test_mesure_escalier.TestProjectsRBAC" name="test_technicien_cannot_create_project" time="0.100" /><testcase classname="backend.tests.test_mesure_escalier.TestProjectsRBAC" name="test_admin_create_brouillon_not_locked" time="0.330" /><testcase classname="backend.tests.test_mesure_escalier.TestProjectsRBAC" name="test_artisan_create_auto_locks_and_assigns_self" time="0.342" /><testcase classname="backend.tests.test_mesure_escalier.TestProjectsRBAC" name="test_admin_can_edit_unlocked" time="0.302" /><testcase classname="backend.tests.test_mesure_escalier.TestProjectsRBAC" name="test_technicien_cannot_edit_project" time="0.433" /><testcase classname="backend.tests.test_mesure_escalier.TestProjectsRBAC" name="test_technicien_cannot_delete" time="0.336" /><testcase classname="backend.tests.test_mesure_escalier.TestProjectsRBAC" name="test_admin_sees_all_technicien_sees_assigned_or_unassigned" time="0.403" /><testcase classname="backend.tests.test_mesure_escalier.TestStats" name="test_admin_stats_has_team_size" time="0.239" /><testcase classname="backend.tests.test_mesure_escalier.TestStats" name="test_technicien_stats_team_size_null" time="0.114" /><testcase classname="backend.tests.test_poc_icon.TestPocIcon" name="test_status_200" time="0.098" /><testcase classname="backend.tests.test_poc_icon.TestPocIcon" name="test_content_type_png" time="0.052" /><testcase classname="backend.tests.test_poc_icon.TestPocIcon" name="test_dimensions_1024" time="0.051" /><testcase classname="backend.tests.test_poc_icon.TestPocIcon" name="test_file_under_1mb" time="0.051" /><testcase classname="backend.tests.test_poc_icon.TestPocRegression" name="test_markers_pdf" time="0.045" /><testcase classname="backend.tests.test_poc_icon.TestPocRegression" name="test_results_md" time="0.044" /><testcase classname="backend.tests.test_stairs_v2_flow.TestStairsV2Flow" name="test_create_stair_droit_seeded" time="0.730" /><testcase classname="backend.tests.test_stairs_v2_flow.TestStairsV2Flow" name="test_get_stair_then_compute" time="0.549" /><testcase classname="backend.tests.test_stairs_v2_flow.TestStairsV2Flow" name="test_get_projects_list_ok" time="0.109" /></testsuite></testsuites>