<?xml version="1.0" encoding="utf-8"?><testsuites name="pytest tests"><testsuite name="pytest" errors="0" failures="0" skipped="0" tests="6" time="0.669" timestamp="2026-06-27T14:58:01.538301+00:00" hostname="agent-env-39dd0203-9f1c-4eb5-961c-ea1dacc3bbbb"><testcase classname="backend.tests.test_poc_icon.TestPocIcon" name="test_status_200" time="0.261" /><testcase classname="backend.tests.test_poc_icon.TestPocIcon" name="test_content_type_png" time="0.052" /><testcase classname="backend.tests.test_poc_icon.TestPocIcon" name="test_dimensions_1024" time="0.054" /><testcase classname="backend.tests.test_poc_icon.TestPocIcon" name="test_file_under_1mb" time="0.042" /><testcase classname="backend.tests.test_poc_icon.TestPocRegression" name="test_markers_pdf" time="0.042" /><testcase classname="backend.tests.test_poc_icon.TestPocRegression" name="test_results_md" time="0.041" /></testsuite></testsuites>