<?xml version="1.0" encoding="utf-8"?><testsuites name="pytest tests"><testsuite name="pytest" errors="0" failures="0" skipped="0" tests="8" time="3.049" timestamp="2026-05-22T17:09:37.693561+00:00" hostname="agent-env-39dd0203-9f1c-4eb5-961c-ea1dacc3bbbb"><testcase classname="backend.tests.test_iteration3_math.TestEchappeeAndTournant" name="test_preview_with_plafond_tremie" time="0.950" /><testcase classname="backend.tests.test_iteration3_math.TestEchappeeAndTournant" name="test_preview_without_plafond_tremie" time="0.130" /><testcase classname="backend.tests.test_iteration3_math.TestEchappeeAndTournant" name="test_preview_generous_reculement_droit" time="0.264" /><testcase classname="backend.tests.test_iteration3_math.TestEchappeeAndTournant" name="test_limon_length_formula" time="0.107" /><testcase classname="backend.tests.test_iteration3_math.TestEchappeeAndTournant" name="test_hard_blondel_violation_forces_tournant" time="0.217" /><testcase classname="backend.tests.test_iteration3_math.TestIntegrationEndpoint" name="test_integration_payload_has_new_fields" time="0.326" /><testcase classname="backend.tests.test_iteration3_math.TestExports" name="test_pdf_export_contains_limon_and_echappee" time="0.368" /><testcase classname="backend.tests.test_iteration3_math.TestExports" name="test_dxf_export_contains_limon_and_echappee_text" time="0.595" /></testsuite></testsuites>